<?xml version="1.0" encoding="UTF-8"?><testsuite errors="0" failures="0" name="com.studentapp.junit.studentsinfo.StudentsCRUDTest1" skipped="0" tests="4" time="27.65" timestamp="2020-09-09 10:55:11"><testcase classname="com.studentapp.junit.studentsinfo.StudentsCRUDTest1" name="Adding the student details"/><testcase classname="com.studentapp.junit.studentsinfo.StudentsCRUDTest1" name="Verifying the student details are getting added successfully"/><testcase classname="com.studentapp.junit.studentsinfo.StudentsCRUDTest1" name="Updating the student details"/><testcase classname="com.studentapp.junit.studentsinfo.StudentsCRUDTest1" name="Deleting the student details"/></testsuite>