<?xml version="1.0" encoding="UTF-8"?><testsuite errors="0" failures="1" name="com.studentapp.junit.studentsinfo.FirstSerenityTest1" skipped="0" tests="2" time="332.3" timestamp="2020-09-04 04:31:08"><testcase classname="com.studentapp.junit.studentsinfo.FirstSerenityTest1" name="Test"/><testcase classname="com.studentapp.junit.studentsinfo.FirstSerenityTest1" name="Wrong err code"><failure message="1 expectation failed.&#10;Expected status code &lt;500&gt; but was &lt;200&gt;.&#10;" type="java.lang.AssertionError">1 expectation failed.
Expected status code &lt;500&gt; but was &lt;200&gt;.
</failure><system-err>1 expectation failed.
Expected status code &lt;500&gt; but was &lt;200&gt;.
&#13;
io.restassured.internal.ResponseSpecificationImpl.validateResponseIfRequired(ResponseSpecificationImpl.groovy:643)&#13;
io.restassured.internal.ResponseSpecificationImpl.statusCode(ResponseSpecificationImpl.groovy:122)&#13;
io.restassured.internal.ResponseSpecificationImpl.statusCode(ResponseSpecificationImpl.groovy:130)&#13;
io.restassured.internal.ValidatableResponseOptionsImpl.statusCode(ValidatableResponseOptionsImpl.java:117)&#13;
com.studentapp.junit.studentsinfo.FirstSerenityTest1.WrongErrCode(FirstSerenityTest1.java:37)&#13;
</system-err></testcase></testsuite>