<?xml version="1.0" encoding="UTF-8"?>
<testsuite name="com.studentapp.junit.studentsinfo.StudentsCRUDTest" time="360.56" tests="4" errors="2" skipped="0" failures="1">
  <properties>
[...]
</properties>
  <testcase name="test001" classname="com.studentapp.junit.studentsinfo.StudentsCRUDTest" time="329.045">
    <failure message="1 expectation failed.&#10;Expected response time was not a value less than &lt;5L&gt; seconds, was 201957 milliseconds (201 seconds)." type="java.lang.AssertionError"><![CDATA[java.lang.AssertionError: 1 expectation failed.
Expected response time was not a value less than <5L> seconds, was 201957 milliseconds (201 seconds).
	at sun.reflect.NativeConstructorAccessorImpl.newInstance0(Native Method)
	at sun.reflect.NativeConstructorAccessorImpl.newInstance(NativeConstructorAccessorImpl.java:62)
	at sun.reflect.DelegatingConstructorAccessorImpl.newInstance(DelegatingConstructorAccessorImpl.java:45)
	at java.lang.reflect.Constructor.newInstance(Constructor.java:423)
	at org.codehaus.groovy.reflection.CachedConstructor.invoke(CachedConstructor.java:83)
	at org.codehaus.groovy.reflection.CachedConstructor.doConstructorInvoke(CachedConstructor.java:77)
	at org.codehaus.groovy.runtime.callsite.ConstructorSite$ConstructorSiteNoUnwrap.callConstructor(ConstructorSite.java:84)
	at org.codehaus.groovy.runtime.callsite.CallSiteArray.defaultCallConstructor(CallSiteArray.java:60)
	at org.codehaus.groovy.runtime.callsite.AbstractCallSite.callConstructor(AbstractCallSite.java:235)
	at org.codehaus.groovy.runtime.callsite.AbstractCallSite.callConstructor(AbstractCallSite.java:247)
	at io.restassured.internal.ResponseSpecificationImpl$HamcrestAssertionClosure.validate(ResponseSpecificationImpl.groovy:471)
	at io.restassured.internal.ResponseSpecificationImpl$HamcrestAssertionClosure$validate$1.call(Unknown Source)
	at org.codehaus.groovy.runtime.callsite.CallSiteArray.defaultCall(CallSiteArray.java:48)
	at org.codehaus.groovy.runtime.callsite.AbstractCallSite.call(AbstractCallSite.java:113)
	at org.codehaus.groovy.runtime.callsite.AbstractCallSite.call(AbstractCallSite.java:125)
	at io.restassured.internal.ResponseSpecificationImpl.validate(ResponseSpecificationImpl.groovy:88)
	at io.restassured.internal.ValidatableResponseOptionsImpl.specification(ValidatableResponseOptionsImpl.java:311)
	at io.restassured.internal.ValidatableResponseOptionsImpl.spec(ValidatableResponseOptionsImpl.java:292)
	at com.studentapp.junit.studentsinfo.StudentsCRUDTest.test001(StudentsCRUDTest.java:52)
]]></failure>
    <system-err><![CDATA[1510 [main] INFO net.thucydides.core.steps.ConsoleLoggingListener - &amp#27;[36m

-------------------------------------------------------------------------------------
     _______. _______ .______       _______ .__   __.  __  .___________.____    ____ 
    /       ||   ____||   _  \     |   ____||  \ |  | |  | |           |\   \  /   / 
   |   (----`|  |__   |  |_)  |    |  |__   |   \|  | |  | `---|  |----` \   \/   /  
    \   \    |   __|  |      /     |   __|  |  . `  | |  |     |  |       \_    _/   
.----)   |   |  |____ |  |\  \----.|  |____ |  |\   | |  |     |  |         |  |     
|_______/    |_______|| _| `._____||_______||__| \__| |__|     |__|         |__|    
                                                                                     
 News and tutorials at http://www.serenity-bdd.info                                  
 Documentation at https://wakaleo.gitbooks.io/the-serenity-book/content/             
 Join the Serenity Community on Rocket Chat at https://serenity-bdd.rocket.chat      
 Serenity BDD Support and Training at http://serenity-bdd.info/#/trainingandsupport  
 Learn Serenity BDD online at http://serenity-dojo.com                               
-------------------------------------------------------------------------------------
&amp#27;[0m
4443 [main] INFO net.thucydides.core.steps.ConsoleLoggingListener - Test Suite Started: Students CRUD test
11308 [main] INFO net.thucydides.core.steps.ConsoleLoggingListener - 
 _____ _____ ____ _____   ____ _____  _    ____ _____ _____ ____  
|_   _| ____/ ___|_   _| / ___|_   _|/ \  |  _ \_   _| ____|  _ \ 
  | | |  _| \___ \ | |   \___ \ | | / _ \ | |_) || | |  _| | | | |
  | | | |___ ___) || |    ___) || |/ ___ \|  _ < | | | |___| |_| |
  |_| |_____|____/ |_|   |____/ |_/_/   \_\_| \_\|_| |_____|____/ 
                                                                  

TEST STARTED: test001
-------------------------------------------------------------------
11309 [main] INFO net.serenitybdd.core.Serenity - TEST NUMBER: 1
]]></system-err>
  </testcase>
  <testcase name="test002" classname="com.studentapp.junit.studentsinfo.StudentsCRUDTest" time="21.371">
    <error type="java.lang.NullPointerException:">java.lang.NullPointerException: null
	at org.hamcrest.MatcherAssert.assertThat(MatcherAssert.java:12)
	at org.junit.Assert.assertThat(Assert.java:956)
	at org.junit.Assert.assertThat(Assert.java:923)
	at com.studentapp.junit.studentsinfo.StudentsCRUDTest.test002(StudentsCRUDTest.java:63)
</error>
    <system-out><![CDATA[HTTP/1.1 200 
Content-Type: application/json;charset=UTF-8
Transfer-Encoding: chunked
Date: Fri, 04 Sep 2020 11:06:55 GMT

[
    {
        "id": 1,
        "firstName": "Vernon",
        "lastName": "Harper",
        "email": "egestas.rhoncus.Proin@massaQuisqueporttitor.org",
        "programme": "Financial Analysis",
        "courses": [
            "Accounting",
            "Statistics"
        ]
    },
    {
        "id": 2,
        "firstName": "Murphy",
        "lastName": "Holmes",
        "email": "faucibus.orci.luctus@Duisac.net",
        "programme": "Financial Analysis",
        "courses": [
            "Accounting",
            "Statistics"
        ]
    },
    {
        "id": 3,
        "firstName": "Reece",
        "lastName": "Jason",
        "email": "tincidunt.dui@ultricessit.co.uk",
        "programme": "Computer Science",
        "courses": [
            "Calculus",
            "Algorithms",
            "Software Development",
            "Ethics"
        ]
    },
    {
        "id": 4,
        "firstName": "Orson",
        "lastName": "Armando",
        "email": "nascetur@conguea.com",
        "programme": "Computer Science",
        "courses": [
            "Calculus",
            "Algorithms",
            "Software Development",
            "Ethics"
        ]
    },
    {
        "id": 5,
        "firstName": "Cullen",
        "lastName": "Craig",
        "email": "imperdiet.ullamcorper@nonenimMauris.co.uk",
        "programme": "Disaster Management",
        "courses": [
            "Disaster Preparedness"
        ]
    },
    {
        "id": 6,
        "firstName": "Harper",
        "lastName": "Rashad",
        "email": "vestibulum@ridiculusmus.edu",
        "programme": "Disaster Management",
        "courses": [
            "Disaster Preparedness"
        ]
    },
    {
        "id": 7,
        "firstName": "Roth",
        "lastName": "Grant",
        "email": "eu.tellus@anuncIn.edu",
        "programme": "Mechanical Engineering",
        "courses": [
            "Machine Element Design",
            "Engineering Analysis I",
            "Calculus & Linear Algebra I "
        ]
    },
    {
        "id": 8,
        "firstName": "Jermaine",
        "lastName": "Alden",
        "email": "scelerisque.sed@senectuset.org",
        "programme": "Law",
        "courses": [
            "Criminal Law",
            "Constitutional Law",
            "Property Law",
            "Contracts"
        ]
    },
    {
        "id": 9,
        "firstName": "Sebastian",
        "lastName": "Jesse",
        "email": "faucibus@sed.co.uk",
        "programme": "Medicine",
        "courses": [
            "Anatomy",
            "Biochemistry",
            "Genetics",
            "Human Behavior."
        ]
    },
    {
        "id": 10,
        "firstName": "Todd",
        "lastName": "Beck",
        "email": "Fusce.dolor.quam@commodoauctor.org",
        "programme": "Financial Analysis",
        "courses": [
            "Accounting",
            "Statistics"
        ]
    },
    {
        "id": 11,
        "firstName": "Giacomo",
        "lastName": "Raphael",
        "email": "magnis.dis@idmagnaet.com",
        "programme": "Medicine",
        "courses": [
            "Anatomy",
            "Biochemistry",
            "Genetics",
            "Human Behavior."
        ]
    },
    {
        "id": 12,
        "firstName": "Chadwick",
        "lastName": "Lawrence",
        "email": "turpis.non.enim@sociisnatoque.com",
        "programme": "Criminology",
        "courses": [
            "Criminal Mind",
            "Gender, Crime and Justice ",
            "Philosophy of Law "
        ]
    },
    {
        "id": 13,
        "firstName": "Zachary",
        "lastName": "Vance",
        "email": "In.tincidunt.congue@Quisque.com",
        "programme": "Criminology",
        "courses": [
            "Criminal Mind",
            "Gender, Crime and Justice ",
            "Philosophy of Law "
        ]
    },
    {
        "id": 14,
        "firstName": "Denton",
        "lastName": "Walker",
        "email": "Integer.sem@iaculisodioNam.edu",
        "programme": "Mechanical Engineering",
        "courses": [
            "Machine Element Design",
            "Engineering Analysis I",
            "Calculus & Linear Algebra I "
        ]
    },
    {
        "id": 15,
        "firstName": "Hakeem",
        "lastName": "Fitzgerald",
        "email": "accumsan@luctuset.edu",
        "programme": "Financial Analysis",
        "courses": [
            "Accounting",
            "Statistics"
        ]
    },
    {
        "id": 16,
        "firstName": "Jakeem",
        "lastName": "Philip",
        "email": "montes.nascetur.ridiculus@loremDonec.com",
        "programme": "Mechanical Engineering",
        "courses": [
            "Machine Element Design",
            "Engineering Analysis I",
            "Calculus & Linear Algebra I "
        ]
    },
    {
        "id": 17,
        "firstName": "Amal",
        "lastName": "Emery",
        "email": "turpis.egestas.Aliquam@fermentum.net",
        "programme": "Computer Science",
        "courses": [
            "Calculus",
            "Algorithms",
            "Software Development",
            "Ethics"
        ]
    },
    {
        "id": 18,
        "firstName": "Reed",
        "lastName": "Wylie",
        "email": "Suspendisse.aliquet.sem@atrisus.org",
        "programme": "Medicine",
        "courses": [
            "Anatomy",
            "Biochemistry",
            "Genetics",
            "Human Behavior."
        ]
    },
    {
        "id": 19,
        "firstName": "Lev",
        "lastName": "Philip",
        "email": "dolor.elit.pellentesque@enimEtiamimperdiet.ca",
        "programme": "Computer Science",
        "courses": [
            "Calculus",
            "Algorithms",
            "Software Development",
            "Ethics"
        ]
    },
    {
        "id": 20,
        "firstName": "Lamar",
        "lastName": "Berk",
        "email": "leo.Vivamus@sit.org",
        "programme": "Medicine",
        "courses": [
            "Anatomy",
            "Biochemistry",
            "Genetics",
            "Human Behavior."
        ]
    },
    {
        "id": 21,
        "firstName": "Nathaniel",
        "lastName": "Colton",
        "email": "hendrerit@et.co.uk",
        "programme": "Medicine",
        "courses": [
            "Anatomy",
            "Biochemistry",
            "Genetics",
            "Human Behavior."
        ]
    },
    {
        "id": 22,
        "firstName": "Kennan",
        "lastName": "Jacob",
        "email": "vel.vulputate@vitaedolorDonec.ca",
        "programme": "Financial Analysis",
        "courses": [
            "Accounting",
            "Statistics"
        ]
    },
    {
        "id": 23,
        "firstName": "Omar",
        "lastName": "Colt",
        "email": "venenatis.a@Pellentesque.co.uk",
        "programme": "Mechanical Engineering",
        "courses": [
            "Machine Element Design",
            "Engineering Analysis I",
            "Calculus & Linear Algebra I "
        ]
    },
    {
        "id": 24,
        "firstName": "Tanek",
        "lastName": "Scott",
        "email": "Sed.malesuada@porttitoreros.ca",
        "programme": "Criminology",
        "courses": [
            "Criminal Mind",
            "Gender, Crime and Justice ",
            "Philosophy of Law "
        ]
    },
    {
        "id": 25,
        "firstName": "Paki",
        "lastName": "Samson",
        "email": "ornare@Mauriseuturpis.edu",
        "programme": "Law",
        "courses": [
            "Criminal Law",
            "Constitutional Law",
            "Property Law",
            "Contracts"
        ]
    },
    {
        "id": 26,
        "firstName": "James",
        "lastName": "Jonah",
        "email": "Nullam@Cras.net",
        "programme": "Mechanical Engineering",
        "courses": [
            "Machine Element Design",
            "Engineering Analysis I",
            "Calculus & Linear Algebra I "
        ]
    },
    {
        "id": 27,
        "firstName": "Cade",
        "lastName": "Vernon",
        "email": "pharetra.sed@Aliquamvulputateullamcorper.ca",
        "programme": "Mechanical Engineering",
        "courses": [
            "Machine Element Design",
            "Engineering Analysis I",
            "Calculus & Linear Algebra I "
        ]
    },
    {
        "id": 28,
        "firstName": "Quentin",
        "lastName": "Chadwick",
        "email": "sed.turpis.nec@risusQuisque.ca",
        "programme": "Mechanical Engineering",
        "courses": [
            "Machine Element Design",
            "Engineering Analysis I",
            "Calculus & Linear Algebra I "
        ]
    },
    {
        "id": 29,
        "firstName": "Arden",
        "lastName": "Abel",
        "email": "consequat.enim@ultricessit.com",
        "programme": "Law",
        "courses": [
            "Criminal Law",
            "Constitutional Law",
            "Property Law",
            "Contracts"
        ]
    },
    {
        "id": 30,
        "firstName": "Lars",
        "lastName": "Keith",
        "email": "Fusce@Quisquefringillaeuismod.org",
        "programme": "Medicine",
        "courses": [
            "Anatomy",
            "Biochemistry",
            "Genetics",
            "Human Behavior."
        ]
    },
    {
        "id": 31,
        "firstName": "Emmanuel",
        "lastName": "Gavin",
        "email": "ornare.libero@perinceptoshymenaeos.co.uk",
        "programme": "Criminology",
        "courses": [
            "Criminal Mind",
            "Gender, Crime and Justice ",
            "Philosophy of Law "
        ]
    },
    {
        "id": 32,
        "firstName": "Noah",
        "lastName": "Oren",
        "email": "Proin.vel@placerat.org",
        "programme": "Law",
        "courses": [
            "Criminal Law",
            "Constitutional Law",
            "Property Law",
            "Contracts"
        ]
    },
    {
        "id": 33,
        "firstName": "Mason",
        "lastName": "Barry",
        "email": "id@incursus.co.uk",
        "programme": "Law",
        "courses": [
            "Criminal Law",
            "Constitutional Law",
            "Property Law",
            "Contracts"
        ]
    },
    {
        "id": 34,
        "firstName": "Elliott",
        "lastName": "Brady",
        "email": "Vestibulum@adlitora.net",
        "programme": "Law",
        "courses": [
            "Criminal Law",
            "Constitutional Law",
            "Property Law",
            "Contracts"
        ]
    },
    {
        "id": 35,
        "firstName": "Nero",
        "lastName": "Brett",
        "email": "amet.ante@sit.com",
        "programme": "Disaster Management",
        "courses": [
            "Disaster Preparedness"
        ]
    },
    {
        "id": 36,
        "firstName": "Elvis",
        "lastName": "Abraham",
        "email": "neque@interdumfeugiat.net",
        "programme": "Disaster Management",
        "courses": [
            "Disaster Preparedness"
        ]
    },
    {
        "id": 37,
        "firstName": "Kieran",
        "lastName": "Ross",
        "email": "magnis.dis.parturient@laciniaorci.edu",
        "programme": "Disaster Management",
        "courses": [
            "Disaster Preparedness"
        ]
    },
    {
        "id": 38,
        "firstName": "Noah",
        "lastName": "Merrill",
        "email": "et@ipsum.net",
        "programme": "Medicine",
        "courses": [
            "Anatomy",
            "Biochemistry",
            "Genetics",
            "Human Behavior."
        ]
    },
    {
        "id": 39,
        "firstName": "Peter",
        "lastName": "Noble",
        "email": "turpis@sagittisplaceratCras.ca",
        "programme": "Computer Science",
        "courses": [
            "Calculus",
            "Algorithms",
            "Software Development",
            "Ethics"
        ]
    },
    {
        "id": 40,
        "firstName": "Axel",
        "lastName": "Bradley",
        "email": "ridiculus.mus@tempus.net",
        "programme": "Mechanical Engineering",
        "courses": [
            "Machine Element Design",
            "Engineering Analysis I",
            "Calculus & Linear Algebra I "
        ]
    },
    {
        "id": 41,
        "firstName": "Hashim",
        "lastName": "Chancellor",
        "email": "at.pretium@eleifendvitae.net",
        "programme": "Medicine",
        "courses": [
            "Anatomy",
            "Biochemistry",
            "Genetics",
            "Human Behavior."
        ]
    },
    {
        "id": 42,
        "firstName": "Alan",
        "lastName": "Connor",
        "email": "vel.turpis.Aliquam@metus.org",
        "programme": "Mechanical Engineering",
        "courses": [
            "Machine Element Design",
            "Engineering Analysis I",
            "Calculus & Linear Algebra I "
        ]
    },
    {
        "id": 43,
        "firstName": "Abel",
        "lastName": "Rudyard",
        "email": "orci.luctus.et@posuere.com",
        "programme": "Computer Science",
        "courses": [
            "Calculus",
            "Algorithms",
            "Software Development",
            "Ethics"
        ]
    },
    {
        "id": 44,
        "firstName": "Cedric",
        "lastName": "Zeus",
        "email": "Quisque.tincidunt@nullaanteiaculis.co.uk",
        "programme": "Law",
        "courses": [
            "Criminal Law",
            "Constitutional Law",
            "Property Law",
            "Contracts"
        ]
    },
    {
        "id": 45,
        "firstName": "Boris",
        "lastName": "Kato",
        "email": "dictum@tortorInteger.org",
        "programme": "Medicine",
        "courses": [
            "Anatomy",
            "Biochemistry",
            "Genetics",
            "Human Behavior."
        ]
    },
    {
        "id": 46,
        "firstName": "Walter",
        "lastName": "Phelan",
        "email": "diam@nectellusNunc.edu",
        "programme": "Law",
        "courses": [
            "Criminal Law",
            "Constitutional Law",
            "Property Law",
            "Contracts"
        ]
    },
    {
        "id": 47,
        "firstName": "Preston",
        "lastName": "Branden",
        "email": "sagittis.semper@urnaNullam.net",
        "programme": "Criminology",
        "courses": [
            "Criminal Mind",
            "Gender, Crime and Justice ",
            "Philosophy of Law "
        ]
    },
    {
        "id": 48,
        "firstName": "Kane",
        "lastName": "Alec",
        "email": "dignissim.Maecenas.ornare@adui.edu",
        "programme": "Law",
        "courses": [
            "Criminal Law",
            "Constitutional Law",
            "Property Law",
            "Contracts"
        ]
    },
    {
        "id": 49,
        "firstName": "Igor",
        "lastName": "Ezra",
        "email": "cursus.non.egestas@laciniaorci.net",
        "programme": "Criminology",
        "courses": [
            "Criminal Mind",
            "Gender, Crime and Justice ",
            "Philosophy of Law "
        ]
    },
    {
        "id": 50,
        "firstName": "Yoshio",
        "lastName": "Kato",
        "email": "Vivamus.rhoncus@semutcursus.ca",
        "programme": "Disaster Management",
        "courses": [
            "Disaster Preparedness"
        ]
    },
    {
        "id": 51,
        "firstName": "Fletcher",
        "lastName": "Vance",
        "email": "orci.lacus@hendreritDonecporttitor.net",
        "programme": "Computer Science",
        "courses": [
            "Calculus",
            "Algorithms",
            "Software Development",
            "Ethics"
        ]
    },
    {
        "id": 52,
        "firstName": "Burton",
        "lastName": "Merrill",
        "email": "mauris@malesuada.ca",
        "programme": "Law",
        "courses": [
            "Criminal Law",
            "Constitutional Law",
            "Property Law",
            "Contracts"
        ]
    },
    {
        "id": 53,
        "firstName": "Rafael",
        "lastName": "Vladimir",
        "email": "mauris.ipsum.porta@sit.ca",
        "programme": "Law",
        "courses": [
            "Criminal Law",
            "Constitutional Law",
            "Property Law",
            "Contracts"
        ]
    },
    {
        "id": 54,
        "firstName": "Dolan",
        "lastName": "Hyatt",
        "email": "augue.malesuada@Pellentesqueut.net",
        "programme": "Computer Science",
        "courses": [
            "Calculus",
            "Algorithms",
            "Software Development",
            "Ethics"
        ]
    },
    {
        "id": 55,
        "firstName": "Driscoll",
        "lastName": "Russell",
        "email": "Lorem.ipsum.dolor@eu.co.uk",
        "programme": "Computer Science",
        "courses": [
            "Calculus",
            "Algorithms",
            "Software Development",
            "Ethics"
        ]
    },
    {
        "id": 56,
        "firstName": "Boris",
        "lastName": "Dexter",
        "email": "purus@mollis.co.uk",
        "programme": "Law",
        "courses": [
            "Criminal Law",
            "Constitutional Law",
            "Property Law",
            "Contracts"
        ]
    },
    {
        "id": 57,
        "firstName": "Maxwell",
        "lastName": "Tarik",
        "email": "pharetra.Quisque.ac@facilisisSuspendisse.edu",
        "programme": "Criminology",
        "courses": [
            "Criminal Mind",
            "Gender, Crime and Justice ",
            "Philosophy of Law "
        ]
    },
    {
        "id": 58,
        "firstName": "Nero",
        "lastName": "Ulysses",
        "email": "inceptos.hymenaeos.Mauris@Proin.edu",
        "programme": "Financial Analysis",
        "courses": [
            "Accounting",
            "Statistics"
        ]
    },
    {
        "id": 59,
        "firstName": "Chase",
        "lastName": "Laith",
        "email": "ridiculus.mus.Donec@netus.org",
        "programme": "Mechanical Engineering",
        "courses": [
            "Machine Element Design",
            "Engineering Analysis I",
            "Calculus & Linear Algebra I "
        ]
    },
    {
        "id": 60,
        "firstName": "Dominic",
        "lastName": "Malcolm",
        "email": "mi.felis.adipiscing@liberoettristique.edu",
        "programme": "Criminology",
        "courses": [
            "Criminal Mind",
            "Gender, Crime and Justice ",
            "Philosophy of Law "
        ]
    },
    {
        "id": 61,
        "firstName": "Ross",
        "lastName": "Hedley",
        "email": "Ut.tincidunt.vehicula@nuncidenim.edu",
        "programme": "Criminology",
        "courses": [
            "Criminal Mind",
            "Gender, Crime and Justice ",
            "Philosophy of Law "
        ]
    },
    {
        "id": 62,
        "firstName": "Abel",
        "lastName": "Garrett",
        "email": "rhoncus@sociisnatoquepenatibus.ca",
        "programme": "Financial Analysis",
        "courses": [
            "Accounting",
            "Statistics"
        ]
    },
    {
        "id": 63,
        "firstName": "Nero",
        "lastName": "Clarke",
        "email": "eget.metus.In@disparturientmontes.org",
        "programme": "Computer Science",
        "courses": [
            "Calculus",
            "Algorithms",
            "Software Development",
            "Ethics"
        ]
    },
    {
        "id": 64,
        "firstName": "Thane",
        "lastName": "Carl",
        "email": "ut.nulla@netuset.co.uk",
        "programme": "Criminology",
        "courses": [
            "Criminal Mind",
            "Gender, Crime and Justice ",
            "Philosophy of Law "
        ]
    },
    {
        "id": 65,
        "firstName": "Jerome",
        "lastName": "Jackson",
        "email": "ac.turpis@facilisislorem.net",
        "programme": "Computer Science",
        "courses": [
            "Calculus",
            "Algorithms",
            "Software Development",
            "Ethics"
        ]
    },
    {
        "id": 66,
        "firstName": "Tate",
        "lastName": "Martin",
        "email": "ante.blandit@semeget.org",
        "programme": "Law",
        "courses": [
            "Criminal Law",
            "Constitutional Law",
            "Property Law",
            "Contracts"
        ]
    },
    {
        "id": 67,
        "firstName": "Caldwell",
        "lastName": "Daniel",
        "email": "lobortis@nequevenenatislacus.net",
        "programme": "Medicine",
        "courses": [
            "Anatomy",
            "Biochemistry",
            "Genetics",
            "Human Behavior."
        ]
    },
    {
        "id": 68,
        "firstName": "Lucian",
        "lastName": "Holmes",
        "email": "Cras@lorem.org",
        "programme": "Medicine",
        "courses": [
            "Anatomy",
            "Biochemistry",
            "Genetics",
            "Human Behavior."
        ]
    },
    {
        "id": 69,
        "firstName": "Akeem",
        "lastName": "Herrod",
        "email": "vel.venenatis@Nullamvelit.com",
        "programme": "Disaster Management",
        "courses": [
            "Disaster Preparedness"
        ]
    },
    {
        "id": 70,
        "firstName": "Vance",
        "lastName": "Colin",
        "email": "quam.vel.sapien@vellectusCum.org",
        "programme": "Disaster Management",
        "courses": [
            "Disaster Preparedness"
        ]
    },
    {
        "id": 71,
        "firstName": "Austin",
        "lastName": "Jelani",
        "email": "Nulla@nuncid.net",
        "programme": "Medicine",
        "courses": [
            "Anatomy",
            "Biochemistry",
            "Genetics",
            "Human Behavior."
        ]
    },
    {
        "id": 72,
        "firstName": "Jackson",
        "lastName": "Honorato",
        "email": "In@vestibulumlorem.com",
        "programme": "Criminology",
        "courses": [
            "Criminal Mind",
            "Gender, Crime and Justice ",
            "Philosophy of Law "
        ]
    },
    {
        "id": 73,
        "firstName": "Lee",
        "lastName": "Acton",
        "email": "rutrum@mattis.org",
        "programme": "Mechanical Engineering",
        "courses": [
            "Machine Element Design",
            "Engineering Analysis I",
            "Calculus & Linear Algebra I "
        ]
    },
    {
        "id": 74,
        "firstName": "Aquila",
        "lastName": "Sylvester",
        "email": "Aliquam.ultrices.iaculis@duiquisaccumsan.co.uk",
        "programme": "Criminology",
        "courses": [
            "Criminal Mind",
            "Gender, Crime and Justice ",
            "Philosophy of Law "
        ]
    },
    {
        "id": 75,
        "firstName": "Baker",
        "lastName": "Cairo",
        "email": "fermentum@diam.com",
        "programme": "Financial Analysis",
        "courses": [
            "Accounting",
            "Statistics"
        ]
    },
    {
        "id": 76,
        "firstName": "Samuel",
        "lastName": "Kibo",
        "email": "semper@enimcommodohendrerit.co.uk",
        "programme": "Criminology",
        "courses": [
            "Criminal Mind",
            "Gender, Crime and Justice ",
            "Philosophy of Law "
        ]
    },
    {
        "id": 77,
        "firstName": "Byron",
        "lastName": "Warren",
        "email": "enim.Etiam.imperdiet@sitamet.ca",
        "programme": "Mechanical Engineering",
        "courses": [
            "Machine Element Design",
            "Engineering Analysis I",
            "Calculus & Linear Algebra I "
        ]
    },
    {
        "id": 78,
        "firstName": "Declan",
        "lastName": "Barclay",
        "email": "Proin.nisl.sem@Aliquamnecenim.org",
        "programme": "Mechanical Engineering",
        "courses": [
            "Machine Element Design",
            "Engineering Analysis I",
            "Calculus & Linear Algebra I "
        ]
    },
    {
        "id": 79,
        "firstName": "Robert",
        "lastName": "Cullen",
        "email": "in.dolor@pede.co.uk",
        "programme": "Disaster Management",
        "courses": [
            "Disaster Preparedness"
        ]
    },
    {
        "id": 80,
        "firstName": "Troy",
        "lastName": "Simon",
        "email": "Cras.vulputate.velit@ornare.org",
        "programme": "Criminology",
        "courses": [
            "Criminal Mind",
            "Gender, Crime and Justice ",
            "Philosophy of Law "
        ]
    },
    {
        "id": 81,
        "firstName": "Tiger",
        "lastName": "Wylie",
        "email": "risus.quis.diam@Proin.ca",
        "programme": "Disaster Management",
        "courses": [
            "Disaster Preparedness"
        ]
    },
    {
        "id": 82,
        "firstName": "Herrod",
        "lastName": "Adam",
        "email": "hendrerit.neque@a.co.uk",
        "programme": "Medicine",
        "courses": [
            "Anatomy",
            "Biochemistry",
            "Genetics",
            "Human Behavior."
        ]
    },
    {
        "id": 83,
        "firstName": "Yuli",
        "lastName": "Griffin",
        "email": "ipsum.non@vitae.co.uk",
        "programme": "Criminology",
        "courses": [
            "Criminal Mind",
            "Gender, Crime and Justice ",
            "Philosophy of Law "
        ]
    },
    {
        "id": 84,
        "firstName": "Chancellor",
        "lastName": "Ali",
        "email": "ultrices@Nullam.net",
        "programme": "Medicine",
        "courses": [
            "Anatomy",
            "Biochemistry",
            "Genetics",
            "Human Behavior."
        ]
    },
    {
        "id": 85,
        "firstName": "Charles",
        "lastName": "Randall",
        "email": "ipsum.porta.elit@morbitristique.net",
        "programme": "Law",
        "courses": [
            "Criminal Law",
            "Constitutional Law",
            "Property Law",
            "Contracts"
        ]
    },
    {
        "id": 86,
        "firstName": "Lucius",
        "lastName": "Gage",
        "email": "auctor.vitae.aliquet@parturient.org",
        "programme": "Disaster Management",
        "courses": [
            "Disaster Preparedness"
        ]
    },
    {
        "id": 87,
        "firstName": "Richard",
        "lastName": "Dane",
        "email": "Nulla.eget@musDonecdignissim.co.uk",
        "programme": "Mechanical Engineering",
        "courses": [
            "Machine Element Design",
            "Engineering Analysis I",
            "Calculus & Linear Algebra I "
        ]
    },
    {
        "id": 88,
        "firstName": "Addison",
        "lastName": "Jermaine",
        "email": "est.Mauris@et.co.uk",
        "programme": "Disaster Management",
        "courses": [
            "Disaster Preparedness"
        ]
    },
    {
        "id": 89,
        "firstName": "Acton",
        "lastName": "Elliott",
        "email": "sem.eget@posuerecubiliaCurae.ca",
        "programme": "Medicine",
        "courses": [
            "Anatomy",
            "Biochemistry",
            "Genetics",
            "Human Behavior."
        ]
    },
    {
        "id": 90,
        "firstName": "Channing",
        "lastName": "Howard",
        "email": "est.congue@velit.com",
        "programme": "Medicine",
        "courses": [
            "Anatomy",
            "Biochemistry",
            "Genetics",
            "Human Behavior."
        ]
    },
    {
        "id": 91,
        "firstName": "Darius",
        "lastName": "Nehru",
        "email": "risus.varius.orci@sitamet.edu",
        "programme": "Medicine",
        "courses": [
            "Anatomy",
            "Biochemistry",
            "Genetics",
            "Human Behavior."
        ]
    },
    {
        "id": 92,
        "firstName": "Walter",
        "lastName": "Arsenio",
        "email": "a.ultricies@duiFusce.edu",
        "programme": "Financial Analysis",
        "courses": [
            "Accounting",
            "Statistics"
        ]
    },
    {
        "id": 93,
        "firstName": "Dieter",
        "lastName": "Matthew",
        "email": "a@pretium.ca",
        "programme": "Mechanical Engineering",
        "courses": [
            "Machine Element Design",
            "Engineering Analysis I",
            "Calculus & Linear Algebra I "
        ]
    },
    {
        "id": 94,
        "firstName": "Evan",
        "lastName": "Yoshio",
        "email": "sapien.gravida.non@noncursus.com",
        "programme": "Financial Analysis",
        "courses": [
            "Accounting",
            "Statistics"
        ]
    },
    {
        "id": 95,
        "firstName": "Hamilton",
        "lastName": "Dennis",
        "email": "luctus.lobortis@nonbibendumsed.com",
        "programme": "Mechanical Engineering",
        "courses": [
            "Machine Element Design",
            "Engineering Analysis I",
            "Calculus & Linear Algebra I "
        ]
    },
    {
        "id": 96,
        "firstName": "Gavin",
        "lastName": "Driscoll",
        "email": "lacinia.mattis@risusDonec.net",
        "programme": "Medicine",
        "courses": [
            "Anatomy",
            "Biochemistry",
            "Genetics",
            "Human Behavior."
        ]
    },
    {
        "id": 97,
        "firstName": "Brendan",
        "lastName": "Allistair",
        "email": "Nunc.laoreet@Sed.ca",
        "programme": "Computer Science",
        "courses": [
            "Calculus",
            "Algorithms",
            "Software Development",
            "Ethics"
        ]
    },
    {
        "id": 98,
        "firstName": "Gary",
        "lastName": "Robert",
        "email": "molestie@vitaesemper.ca",
        "programme": "Computer Science",
        "courses": [
            "Calculus",
            "Algorithms",
            "Software Development",
            "Ethics"
        ]
    },
    {
        "id": 99,
        "firstName": "Fletcher",
        "lastName": "Brenden",
        "email": "semper@nequesed.co.uk",
        "programme": "Computer Science",
        "courses": [
            "Calculus",
            "Algorithms",
            "Software Development",
            "Ethics"
        ]
    },
    {
        "id": 100,
        "firstName": "Oscar",
        "lastName": "Barclay",
        "email": "non.ante.bibendum@risusDonecegestas.edu",
        "programme": "Mechanical Engineering",
        "courses": [
            "Machine Element Design",
            "Engineering Analysis I",
            "Calculus & Linear Algebra I "
        ]
    },
    {
        "id": 101,
        "firstName": "SMOKEUSER97412",
        "lastName": "SMOKEUSER8383",
        "email": "788xyz@gmail.com",
        "programme": "ComputerScience",
        "courses": [
            "JAVA",
            "C++"
        ]
    },
    {
        "id": 102,
        "firstName": "Cherry",
        "lastName": "Wood",
        "email": "cwoode@army.mil",
        "programme": "Information Science",
        "courses": [
            "Java"
        ]
    },
    {
        "id": 103,
        "firstName": "Allistir",
        "lastName": "Gillies",
        "email": "agilliesf@google.es",
        "programme": "ComputerScience",
        "courses": [
            "C#"
        ]
    },
    {
        "id": 104,
        "firstName": "Annetta",
        "lastName": "Jeandon",
        "email": "ajeandonb@disqus.com",
        "programme": "ComputerScience",
        "courses": [
            "SCALA"
        ]
    },
    {
        "id": 105,
        "firstName": "Nance",
        "lastName": "Lauga",
        "email": "nlaugac@elegantthemes.com",
        "programme": "Information Science",
        "courses": [
            "C#"
        ]
    },
    {
        "id": 106,
        "firstName": "Kristal",
        "lastName": "Dagwell",
        "email": "kdagwell6@wunderground.com",
        "programme": "Information Science",
        "courses": [
            "SCALA"
        ]
    },
    {
        "id": 107,
        "firstName": "Christyna",
        "lastName": "Rooze",
        "email": "crooze5@cbslocal.com",
        "programme": "Information Science",
        "courses": [
            "Java"
        ]
    },
    {
        "id": 108,
        "firstName": "Daniel",
        "lastName": "Janata",
        "email": "djanata8@phpbb.com",
        "programme": "Information Science",
        "courses": [
            "Java"
        ]
    },
    {
        "id": 109,
        "firstName": "Booth",
        "lastName": "Banke",
        "email": "bbanke9@mashable.com",
        "programme": "ComputerScience",
        "courses": [
            "SCALA"
        ]
    },
    {
        "id": 110,
        "firstName": "Darlleen",
        "lastName": "Skyrm",
        "email": "dskyrm3@mediafire.com",
        "programme": "Information Science",
        "courses": [
            "SCALA"
        ]
    },
    {
        "id": 111,
        "firstName": "Kelly",
        "lastName": "Reijmers",
        "email": "kreijmers7@google.co.uk",
        "programme": "ComputerScience",
        "courses": [
            "C#"
        ]
    },
    {
        "id": 112,
        "firstName": "Ines",
        "lastName": "Copson",
        "email": "icopsond@cocolog-nifty.com",
        "programme": "Information Science",
        "courses": [
            "SCALA"
        ]
    },
    {
        "id": 113,
        "firstName": "Rad",
        "lastName": "Tinson",
        "email": "rtinsona@yahoo.com",
        "programme": "Information Science",
        "courses": [
            "C#"
        ]
    },
    {
        "id": 114,
        "firstName": "Corly",
        "lastName": "Tuminelli",
        "email": "ctuminelli0@ucsd.edu",
        "programme": "Information Science",
        "courses": [
            "SCALA"
        ]
    },
    {
        "id": 115,
        "firstName": "Zarla",
        "lastName": "Briscow",
        "email": "zbriscow4@newsvine.com",
        "programme": "Information Science",
        "courses": [
            "SCALA"
        ]
    },
    {
        "id": 116,
        "firstName": "Tybi",
        "lastName": "McCall",
        "email": "tmccall1@rambler.ru",
        "programme": "Information Science",
        "courses": [
            "C#"
        ]
    },
    {
        "id": 117,
        "firstName": "Shaw",
        "lastName": "Clarae",
        "email": "sclarae2@bing.com",
        "programme": "Information Science",
        "courses": [
            "SCALA"
        ]
    },
    {
        "id": 118,
        "firstName": "Venus",
        "lastName": "Peto",
        "email": "vpetoi@epa.gov",
        "programme": "ComputerScience",
        "courses": [
            "Java"
        ]
    },
    {
        "id": 119,
        "firstName": "Cris",
        "lastName": "Minshull",
        "email": "cminshullt@cnet.com",
        "programme": "ComputerScience",
        "courses": [
            "C#"
        ]
    },
    {
        "id": 120,
        "firstName": "Sherlocke",
        "lastName": "Murby",
        "email": "smurbyq@simplemachines.org",
        "programme": "Information Science",
        "courses": [
            "Java"
        ]
    },
    {
        "id": 121,
        "firstName": "Clarinda",
        "lastName": "Melchior",
        "email": "cmelchiors@indiatimes.com",
        "programme": "Information Science",
        "courses": [
            "C#"
        ]
    },
    {
        "id": 122,
        "firstName": "Neila",
        "lastName": "Keenor",
        "email": "nkeenoru@dedecms.com",
        "programme": "ComputerScience",
        "courses": [
            "Java"
        ]
    },
    {
        "id": 123,
        "firstName": "Corinne",
        "lastName": "Simpkins",
        "email": "csimpkinsn@vimeo.com",
        "programme": "Information Science",
        "courses": [
            "SCALA"
        ]
    },
    {
        "id": 124,
        "firstName": "Davon",
        "lastName": "McCrea",
        "email": "dmccream@php.net",
        "programme": "Information Science",
        "courses": [
            "Java"
        ]
    },
    {
        "id": 125,
        "firstName": "Nikita",
        "lastName": "Northridge",
        "email": "nnorthridgeo@delicious.com",
        "programme": "Information Science",
        "courses": [
            "Java"
        ]
    },
    {
        "id": 126,
        "firstName": "Buck",
        "lastName": "Kelby",
        "email": "bkelbyh@xrea.com",
        "programme": "ComputerScience",
        "courses": [
            "C#"
        ]
    },
    {
        "id": 127,
        "firstName": "Magdalen",
        "lastName": "Keays",
        "email": "mkeaysx@newyorker.com",
        "programme": "ComputerScience",
        "courses": [
            "C#"
        ]
    },
    {
        "id": 128,
        "firstName": "Lorenza",
        "lastName": "Dominiak",
        "email": "ldominiakg@mysql.com",
        "programme": "ComputerScience",
        "courses": [
            "Java"
        ]
    },
    {
        "id": 129,
        "firstName": "Lee",
        "lastName": "Anelay",
        "email": "lanelayl@bbc.co.uk",
        "programme": "Information Science",
        "courses": [
            "SCALA"
        ]
    },
    {
        "id": 130,
        "firstName": "Killian",
        "lastName": "Montgomery",
        "email": "kmontgomeryy@issuu.com",
        "programme": "ComputerScience",
        "courses": [
            "C#"
        ]
    },
    {
        "id": 131,
        "firstName": "Ame",
        "lastName": "MacTrustam",
        "email": "amactrustamz@woothemes.com",
        "programme": "Information Science",
        "courses": [
            "Java"
        ]
    },
    {
        "id": 132,
        "firstName": "Colet",
        "lastName": "Goldsbrough",
        "email": "cgoldsbroughr@mtv.com",
        "programme": "ComputerScience",
        "courses": [
            "C#"
        ]
    },
    {
        "id": 133,
        "firstName": "Maddi",
        "lastName": "Iacovacci",
        "email": "miacovacci10@indiatimes.com",
        "programme": "Information Science",
        "courses": [
            "C#"
        ]
    },
    {
        "id": 134,
        "firstName": "Averil",
        "lastName": "Edney",
        "email": "aedneyj@wufoo.com",
        "programme": "ComputerScience",
        "courses": [
            "Java"
        ]
    },
    {
        "id": 135,
        "firstName": "Luci",
        "lastName": "Mowne",
        "email": "lmowne13@earthlink.net",
        "programme": "ComputerScience",
        "courses": [
            "Java"
        ]
    },
    {
        "id": 136,
        "firstName": "Noel",
        "lastName": "Philipson",
        "email": "nphilipson14@vkontakte.ru",
        "programme": "Information Science",
        "courses": [
            "C#"
        ]
    },
    {
        "id": 137,
        "firstName": "Barney",
        "lastName": "Pigott",
        "email": "bpigottk@nydailynews.com",
        "programme": "Information Science",
        "courses": [
            "Java"
        ]
    },
    {
        "id": 138,
        "firstName": "Kristopher",
        "lastName": "Treanor",
        "email": "ktreanor11@rediff.com",
        "programme": "Information Science",
        "courses": [
            "SCALA"
        ]
    },
    {
        "id": 139,
        "firstName": "Ana",
        "lastName": "Lecointe",
        "email": "alecointe16@hubpages.com",
        "programme": "Information Science",
        "courses": [
            "SCALA"
        ]
    },
    {
        "id": 140,
        "firstName": "Drew",
        "lastName": "Yare",
        "email": "dyarev@hud.gov",
        "programme": "Information Science",
        "courses": [
            "C#"
        ]
    },
    {
        "id": 141,
        "firstName": "Mair",
        "lastName": "Rudgley",
        "email": "mrudgleyw@slashdot.org",
        "programme": "ComputerScience",
        "courses": [
            "Java"
        ]
    },
    {
        "id": 142,
        "firstName": "Goldy",
        "lastName": "Arnao",
        "email": "garnao15@indiegogo.com",
        "programme": "ComputerScience",
        "courses": [
            "C#"
        ]
    },
    {
        "id": 143,
        "firstName": "Dolf",
        "lastName": "Perrelli",
        "email": "dperrelli1c@goo.ne.jp",
        "programme": "Information Science",
        "courses": [
            "Java"
        ]
    },
    {
        "id": 144,
        "firstName": "Nicoli",
        "lastName": "Kornilyev",
        "email": "nkornilyev18@123-reg.co.uk",
        "programme": "ComputerScience",
        "courses": [
            "C#"
        ]
    },
    {
        "id": 145,
        "firstName": "Rogers",
        "lastName": "Egarr",
        "email": "regarr12@ed.gov",
        "programme": "Information Science",
        "courses": [
            "Java"
        ]
    },
    {
        "id": 146,
        "firstName": "Zena",
        "lastName": "Smitten",
        "email": "zsmittenp@nasa.gov",
        "programme": "Information Science",
        "courses": [
            "C#"
        ]
    },
    {
        "id": 147,
        "firstName": "Pattie",
        "lastName": "Sollime",
        "email": "psollime1d@163.com",
        "programme": "Information Science",
        "courses": [
            "C#"
        ]
    },
    {
        "id": 148,
        "firstName": "Jesus",
        "lastName": "Dunthorn",
        "email": "jdunthorn1g@epa.gov",
        "programme": "ComputerScience",
        "courses": [
            "Java"
        ]
    },
    {
        "id": 149,
        "firstName": "Abbe",
        "lastName": "Lamperti",
        "email": "alamperti1f@ucla.edu",
        "programme": "Information Science",
        "courses": [
            "Java"
        ]
    },
    {
        "id": 150,
        "firstName": "Brendin",
        "lastName": "Hedges",
        "email": "bhedges1a@google.it",
        "programme": "ComputerScience",
        "courses": [
            "SCALA"
        ]
    },
    {
        "id": 151,
        "firstName": "Oralee",
        "lastName": "Ambroise",
        "email": "oambroise17@chronoengine.com",
        "programme": "ComputerScience",
        "courses": [
            "SCALA"
        ]
    },
    {
        "id": 152,
        "firstName": "Letta",
        "lastName": "Rosenvasser",
        "email": "lrosenvasser19@addtoany.com",
        "programme": "ComputerScience",
        "courses": [
            "SCALA"
        ]
    },
    {
        "id": 153,
        "firstName": "Franky",
        "lastName": "Willars",
        "email": "fwillars1b@state.gov",
        "programme": "Information Science",
        "courses": [
            "Java"
        ]
    },
    {
        "id": 154,
        "firstName": "Silvano",
        "lastName": "D'Errico",
        "email": "sderrico1k@state.gov",
        "programme": "Information Science",
        "courses": [
            "C#"
        ]
    },
    {
        "id": 155,
        "firstName": "Merilyn",
        "lastName": "Goddard",
        "email": "mgoddard1j@patch.com",
        "programme": "Information Science",
        "courses": [
            "C#"
        ]
    },
    {
        "id": 156,
        "firstName": "Jed",
        "lastName": "Baythrop",
        "email": "jbaythrop1i@geocities.com",
        "programme": "ComputerScience",
        "courses": [
            "C#"
        ]
    },
    {
        "id": 157,
        "firstName": "Elli",
        "lastName": "Dulanty",
        "email": "edulanty1n@ifeng.com",
        "programme": "Information Science",
        "courses": [
            "SCALA"
        ]
    },
    {
        "id": 158,
        "firstName": "Cairistiona",
        "lastName": "Bairnsfather",
        "email": "cbairnsfather1l@howstuffworks.com",
        "programme": "Information Science",
        "courses": [
            "SCALA"
        ]
    },
    {
        "id": 159,
        "firstName": "Brena",
        "lastName": "Obispo",
        "email": "bobispo1e@slashdot.org",
        "programme": "ComputerScience",
        "courses": [
            "C#"
        ]
    },
    {
        "id": 160,
        "firstName": "Terrel",
        "lastName": "Dethloff",
        "email": "tdethloff1q@miibeian.gov.cn",
        "programme": "Information Science",
        "courses": [
            "Java"
        ]
    },
    {
        "id": 161,
        "firstName": "Stevie",
        "lastName": "Consterdine",
        "email": "sconsterdine1o@icio.us",
        "programme": "Information Science",
        "courses": [
            "Java"
        ]
    },
    {
        "id": 162,
        "firstName": "Ashly",
        "lastName": "Skellen",
        "email": "askellen1h@smugmug.com",
        "programme": "Information Science",
        "courses": [
            "C#"
        ]
    },
    {
        "id": 163,
        "firstName": "Simone",
        "lastName": "Pele",
        "email": "spele1r@cloudflare.com",
        "programme": "Information Science",
        "courses": [
            "Java"
        ]
    },
    {
        "id": 164,
        "firstName": "Otes",
        "lastName": "Skews",
        "email": "oskews1m@fda.gov",
        "programme": "Information Science",
        "courses": [
            "Java"
        ]
    },
    {
        "id": 165,
        "firstName": "Alanson",
        "lastName": "Kinzett",
        "email": "akinzett1v@huffingtonpost.com",
        "programme": "ComputerScience",
        "courses": [
            "Java"
        ]
    },
    {
        "id": 166,
        "firstName": "Dwayne",
        "lastName": "Whickman",
        "email": "dwhickman1p@umich.edu",
        "programme": "Information Science",
        "courses": [
            "C#"
        ]
    },
    {
        "id": 167,
        "firstName": "Berkley",
        "lastName": "Critten",
        "email": "bcritten1w@si.edu",
        "programme": "Information Science",
        "courses": [
            "SCALA"
        ]
    },
    {
        "id": 168,
        "firstName": "Gaspar",
        "lastName": "Dupoy",
        "email": "gdupoy1u@hao123.com",
        "programme": "Information Science",
        "courses": [
            "Java"
        ]
    },
    {
        "id": 169,
        "firstName": "Normie",
        "lastName": "Duckels",
        "email": "nduckels1s@shinystat.com",
        "programme": "ComputerScience",
        "courses": [
            "Java"
        ]
    },
    {
        "id": 170,
        "firstName": "Mort",
        "lastName": "Swires",
        "email": "mswires1t@census.gov",
        "programme": "ComputerScience",
        "courses": [
            "Java"
        ]
    },
    {
        "id": 171,
        "firstName": "Jacynth",
        "lastName": "Oglevie",
        "email": "joglevie1y@homestead.com",
        "programme": "ComputerScience",
        "courses": [
            "SCALA"
        ]
    },
    {
        "id": 172,
        "firstName": "Wallas",
        "lastName": "Anfosso",
        "email": "wanfosso21@arstechnica.com",
        "programme": "ComputerScience",
        "courses": [
            "C#"
        ]
    },
    {
        "id": 173,
        "firstName": "Aurelie",
        "lastName": "MacCurlye",
        "email": "amaccurlye24@house.gov",
        "programme": "Information Science",
        "courses": [
            "Java"
        ]
    },
    {
        "id": 174,
        "firstName": "Aguistin",
        "lastName": "Bambrough",
        "email": "abambrough2a@webs.com",
        "programme": "ComputerScience",
        "courses": [
            "C#"
        ]
    },
    {
        "id": 175,
        "firstName": "Valencia",
        "lastName": "Lody",
        "email": "vlody25@apple.com",
        "programme": "Information Science",
        "courses": [
            "C#"
        ]
    },
    {
        "id": 176,
        "firstName": "Anthea",
        "lastName": "Cuerdale",
        "email": "acuerdale2c@yellowbook.com",
        "programme": "Information Science",
        "courses": [
            "C#"
        ]
    },
    {
        "id": 177,
        "firstName": "Alister",
        "lastName": "Duchart",
        "email": "aduchart27@hexun.com",
        "programme": "Information Science",
        "courses": [
            "SCALA"
        ]
    },
    {
        "id": 178,
        "firstName": "Starr",
        "lastName": "Chafer",
        "email": "schafer2b@liveinternet.ru",
        "programme": "ComputerScience",
        "courses": [
            "C#"
        ]
    },
    {
        "id": 179,
        "firstName": "Standford",
        "lastName": "Grigg",
        "email": "sgrigg28@geocities.com",
        "programme": "Information Science",
        "courses": [
            "SCALA"
        ]
    },
    {
        "id": 180,
        "firstName": "Margie",
        "lastName": "Relfe",
        "email": "mrelfe22@angelfire.com",
        "programme": "ComputerScience",
        "courses": [
            "Java"
        ]
    },
    {
        "id": 181,
        "firstName": "Alli",
        "lastName": "Swann",
        "email": "aswann20@twitpic.com",
        "programme": "ComputerScience",
        "courses": [
            "Java"
        ]
    },
    {
        "id": 182,
        "firstName": "Benson",
        "lastName": "Jeandeau",
        "email": "bjeandeau2d@dailymail.co.uk",
        "programme": "Information Science",
        "courses": [
            "Java"
        ]
    },
    {
        "id": 183,
        "firstName": "Jens",
        "lastName": "Barnes",
        "email": "jbarnes1z@netlog.com",
        "programme": "ComputerScience",
        "courses": [
            "Java"
        ]
    },
    {
        "id": 184,
        "firstName": "Allie",
        "lastName": "Kettlestring",
        "email": "akettlestring29@imageshack.us",
        "programme": "Information Science",
        "courses": [
            "Java"
        ]
    },
    {
        "id": 185,
        "firstName": "Rorie",
        "lastName": "Swaden",
        "email": "rswaden26@mit.edu",
        "programme": "ComputerScience",
        "courses": [
            "Java"
        ]
    },
    {
        "id": 186,
        "firstName": "Ty",
        "lastName": "Artis",
        "email": "tartis1x@ehow.com",
        "programme": "ComputerScience",
        "courses": [
            "SCALA"
        ]
    },
    {
        "id": 187,
        "firstName": "Frazier",
        "lastName": "Ferrey",
        "email": "fferrey23@photobucket.com",
        "programme": "ComputerScience",
        "courses": [
            "Java"
        ]
    },
    {
        "id": 188,
        "firstName": "Paul",
        "lastName": "Whymark",
        "email": "pwhymark2e@go.com",
        "programme": "ComputerScience",
        "courses": [
            "Java"
        ]
    },
    {
        "id": 189,
        "firstName": "Willi",
        "lastName": "Rhodus",
        "email": "wrhodus2f@latimes.com",
        "programme": "ComputerScience",
        "courses": [
            "C#"
        ]
    },
    {
        "id": 190,
        "firstName": "Chloette",
        "lastName": "Cristou",
        "email": "ccristou2k@purevolume.com",
        "programme": "ComputerScience",
        "courses": [
            "SCALA"
        ]
    },
    {
        "id": 191,
        "firstName": "Fredi",
        "lastName": "Drewett",
        "email": "fdrewett2q@wufoo.com",
        "programme": "ComputerScience",
        "courses": [
            "C#"
        ]
    },
    {
        "id": 192,
        "firstName": "Jerry",
        "lastName": "Tewkesbury",
        "email": "jtewkesbury2n@addtoany.com",
        "programme": "ComputerScience",
        "courses": [
            "C#"
        ]
    },
    {
        "id": 193,
        "firstName": "Courtnay",
        "lastName": "McVity",
        "email": "cmcvity2p@ustream.tv",
        "programme": "Information Science",
        "courses": [
            "SCALA"
        ]
    },
    {
        "id": 194,
        "firstName": "Meaghan",
        "lastName": "Goldney",
        "email": "mgoldney2m@va.gov",
        "programme": "ComputerScience",
        "courses": [
            "Java"
        ]
    },
    {
        "id": 195,
        "firstName": "Bria",
        "lastName": "Winsor",
        "email": "bwinsor2l@slate.com",
        "programme": "ComputerScience",
        "courses": [
            "Java"
        ]
    },
    {
        "id": 196,
        "firstName": "Lind",
        "lastName": "Inge",
        "email": "linge2j@slashdot.org",
        "programme": "ComputerScience",
        "courses": [
            "SCALA"
        ]
    },
    {
        "id": 197,
        "firstName": "Michail",
        "lastName": "Flaune",
        "email": "mflaune2h@reddit.com",
        "programme": "Information Science",
        "courses": [
            "SCALA"
        ]
    },
    {
        "id": 198,
        "firstName": "Burke",
        "lastName": "Tassell",
        "email": "btassell2r@msn.com",
        "programme": "ComputerScience",
        "courses": [
            "SCALA"
        ]
    },
    {
        "id": 199,
        "firstName": "Ailyn",
        "lastName": "Algeo",
        "email": "aalgeo2i@arstechnica.com",
        "programme": "ComputerScience",
        "courses": [
            "SCALA"
        ]
    },
    {
        "id": 200,
        "firstName": "Shelley",
        "lastName": "Burfoot",
        "email": "sburfoot2o@mashable.com",
        "programme": "ComputerScience",
        "courses": [
            "Java"
        ]
    },
    {
        "id": 201,
        "firstName": "Kyle",
        "lastName": "Pavlov",
        "email": "kpavlov2g@nba.com",
        "programme": "Information Science",
        "courses": [
            "C#"
        ]
    },
    {
        "id": 209,
        "firstName": "SMOKEUSER69988",
        "lastName": "SMOKEUSER34804",
        "email": "10399xyz@gmail.com",
        "programme": "ComputerScience",
        "courses": [
            "JAVA",
            "C++"
        ]
    }
]
]]></system-out>
    <system-err><![CDATA[348430 [main] ERROR net.thucydides.core.steps.ConsoleLoggingListener - 
           __  _____ _____ ____ _____   _____ _    ___ _     _____ ____  
  _       / / |_   _| ____/ ___|_   _| |  ___/ \  |_ _| |   | ____|  _ \ 
 (_)_____| |    | | |  _| \___ \ | |   | |_ / _ \  | || |   |  _| | | | |
  _|_____| |    | | | |___ ___) || |   |  _/ ___ \ | || |___| |___| |_| |
 (_)     | |    |_| |_____|____/ |_|   |_|/_/   \_\___|_____|_____|____/ 
          \_\                                                            

TEST FAILED: This test will create a new student
--------------------------------------------------------------------------
348444 [main] ERROR net.thucydides.core.steps.ConsoleLoggingListener - 1 expectation failed.Expected response time was not a value less than <5L> seconds, was 201957 milliseconds (201 seconds).
350163 [main] INFO net.thucydides.core.steps.ConsoleLoggingListener - 
 _____ _____ ____ _____   ____ _____  _    ____ _____ _____ ____  
|_   _| ____/ ___|_   _| / ___|_   _|/ \  |  _ \_   _| ____|  _ \ 
  | | |  _| \___ \ | |   \___ \ | | / _ \ | |_) || | |  _| | | | |
  | | | |___ ___) || |    ___) || |/ ___ \|  _ < | | | |___| |_| |
  |_| |_____|____/ |_|   |____/ |_/_/   \_\_| \_\|_| |_____|____/ 
                                                                  

TEST STARTED: test002
-------------------------------------------------------------------
350164 [main] INFO net.serenitybdd.core.Serenity - TEST NUMBER: 2
]]></system-err>
  </testcase>
  <testcase name="test003" classname="com.studentapp.junit.studentsinfo.StudentsCRUDTest" time="6.659">
    <error message="Index: 0, Size: 0" type="java.lang.IndexOutOfBoundsException">java.lang.IndexOutOfBoundsException: Index: 0, Size: 0
	at Script1.run(Script1.groovy:1)
	at groovy.lang.GroovyShell.evaluate(GroovyShell.java:585)
	at groovy.lang.GroovyShell.evaluate(GroovyShell.java:623)
	at groovy.lang.GroovyShell.evaluate(GroovyShell.java:594)
	at io.restassured.internal.path.json.JSONAssertion.eval(JSONAssertion.groovy:80)
	at io.restassured.internal.path.json.JSONAssertion.getAsJsonObject(JSONAssertion.groovy:46)
	at io.restassured.internal.path.json.JSONAssertion.getResult(JSONAssertion.groovy:28)
	at io.restassured.path.json.JsonPath.get(JsonPath.java:202)
	at io.restassured.internal.RestAssuredResponseOptionsGroovyImpl.path(RestAssuredResponseOptionsGroovyImpl.groovy:398)
	at io.restassured.internal.RestAssuredResponseOptionsImpl.path(RestAssuredResponseOptionsImpl.java:200)
	at com.studentapp.cucumber.serenity.StudentSerenitySteps.getStudentInfoByFirstName(StudentSerenitySteps.java:49)
	at com.studentapp.junit.studentsinfo.StudentsCRUDTest.test003(StudentsCRUDTest.java:85)
</error>
    <system-out><![CDATA[Request method:	PUT
Request URI:	http://localhost:8080/student/0
Proxy:			<none>
Request params:	<none>
Query params:	<none>
Form params:	<none>
Path params:	<none>
Headers:		Accept=*/*
				Content-Type=application/json; charset=UTF-8
Cookies:		<none>
Multiparts:		<none>
Body:
{
    "id": 0,
    "firstName": "SMOKEUSER69988_Updated",
    "lastName": "SMOKEUSER34804",
    "email": "10399xyz@gmail.com",
    "programme": "ComputerScience",
    "courses": [
        "JAVA",
        "C++"
    ]
}
HTTP/1.1 200 
Content-Type: application/json;charset=UTF-8
Transfer-Encoding: chunked
Date: Fri, 04 Sep 2020 11:07:18 GMT

[
    {
        "id": 1,
        "firstName": "Vernon",
        "lastName": "Harper",
        "email": "egestas.rhoncus.Proin@massaQuisqueporttitor.org",
        "programme": "Financial Analysis",
        "courses": [
            "Accounting",
            "Statistics"
        ]
    },
    {
        "id": 2,
        "firstName": "Murphy",
        "lastName": "Holmes",
        "email": "faucibus.orci.luctus@Duisac.net",
        "programme": "Financial Analysis",
        "courses": [
            "Accounting",
            "Statistics"
        ]
    },
    {
        "id": 3,
        "firstName": "Reece",
        "lastName": "Jason",
        "email": "tincidunt.dui@ultricessit.co.uk",
        "programme": "Computer Science",
        "courses": [
            "Calculus",
            "Algorithms",
            "Software Development",
            "Ethics"
        ]
    },
    {
        "id": 4,
        "firstName": "Orson",
        "lastName": "Armando",
        "email": "nascetur@conguea.com",
        "programme": "Computer Science",
        "courses": [
            "Calculus",
            "Algorithms",
            "Software Development",
            "Ethics"
        ]
    },
    {
        "id": 5,
        "firstName": "Cullen",
        "lastName": "Craig",
        "email": "imperdiet.ullamcorper@nonenimMauris.co.uk",
        "programme": "Disaster Management",
        "courses": [
            "Disaster Preparedness"
        ]
    },
    {
        "id": 6,
        "firstName": "Harper",
        "lastName": "Rashad",
        "email": "vestibulum@ridiculusmus.edu",
        "programme": "Disaster Management",
        "courses": [
            "Disaster Preparedness"
        ]
    },
    {
        "id": 7,
        "firstName": "Roth",
        "lastName": "Grant",
        "email": "eu.tellus@anuncIn.edu",
        "programme": "Mechanical Engineering",
        "courses": [
            "Machine Element Design",
            "Engineering Analysis I",
            "Calculus & Linear Algebra I "
        ]
    },
    {
        "id": 8,
        "firstName": "Jermaine",
        "lastName": "Alden",
        "email": "scelerisque.sed@senectuset.org",
        "programme": "Law",
        "courses": [
            "Criminal Law",
            "Constitutional Law",
            "Property Law",
            "Contracts"
        ]
    },
    {
        "id": 9,
        "firstName": "Sebastian",
        "lastName": "Jesse",
        "email": "faucibus@sed.co.uk",
        "programme": "Medicine",
        "courses": [
            "Anatomy",
            "Biochemistry",
            "Genetics",
            "Human Behavior."
        ]
    },
    {
        "id": 10,
        "firstName": "Todd",
        "lastName": "Beck",
        "email": "Fusce.dolor.quam@commodoauctor.org",
        "programme": "Financial Analysis",
        "courses": [
            "Accounting",
            "Statistics"
        ]
    },
    {
        "id": 11,
        "firstName": "Giacomo",
        "lastName": "Raphael",
        "email": "magnis.dis@idmagnaet.com",
        "programme": "Medicine",
        "courses": [
            "Anatomy",
            "Biochemistry",
            "Genetics",
            "Human Behavior."
        ]
    },
    {
        "id": 12,
        "firstName": "Chadwick",
        "lastName": "Lawrence",
        "email": "turpis.non.enim@sociisnatoque.com",
        "programme": "Criminology",
        "courses": [
            "Criminal Mind",
            "Gender, Crime and Justice ",
            "Philosophy of Law "
        ]
    },
    {
        "id": 13,
        "firstName": "Zachary",
        "lastName": "Vance",
        "email": "In.tincidunt.congue@Quisque.com",
        "programme": "Criminology",
        "courses": [
            "Criminal Mind",
            "Gender, Crime and Justice ",
            "Philosophy of Law "
        ]
    },
    {
        "id": 14,
        "firstName": "Denton",
        "lastName": "Walker",
        "email": "Integer.sem@iaculisodioNam.edu",
        "programme": "Mechanical Engineering",
        "courses": [
            "Machine Element Design",
            "Engineering Analysis I",
            "Calculus & Linear Algebra I "
        ]
    },
    {
        "id": 15,
        "firstName": "Hakeem",
        "lastName": "Fitzgerald",
        "email": "accumsan@luctuset.edu",
        "programme": "Financial Analysis",
        "courses": [
            "Accounting",
            "Statistics"
        ]
    },
    {
        "id": 16,
        "firstName": "Jakeem",
        "lastName": "Philip",
        "email": "montes.nascetur.ridiculus@loremDonec.com",
        "programme": "Mechanical Engineering",
        "courses": [
            "Machine Element Design",
            "Engineering Analysis I",
            "Calculus & Linear Algebra I "
        ]
    },
    {
        "id": 17,
        "firstName": "Amal",
        "lastName": "Emery",
        "email": "turpis.egestas.Aliquam@fermentum.net",
        "programme": "Computer Science",
        "courses": [
            "Calculus",
            "Algorithms",
            "Software Development",
            "Ethics"
        ]
    },
    {
        "id": 18,
        "firstName": "Reed",
        "lastName": "Wylie",
        "email": "Suspendisse.aliquet.sem@atrisus.org",
        "programme": "Medicine",
        "courses": [
            "Anatomy",
            "Biochemistry",
            "Genetics",
            "Human Behavior."
        ]
    },
    {
        "id": 19,
        "firstName": "Lev",
        "lastName": "Philip",
        "email": "dolor.elit.pellentesque@enimEtiamimperdiet.ca",
        "programme": "Computer Science",
        "courses": [
            "Calculus",
            "Algorithms",
            "Software Development",
            "Ethics"
        ]
    },
    {
        "id": 20,
        "firstName": "Lamar",
        "lastName": "Berk",
        "email": "leo.Vivamus@sit.org",
        "programme": "Medicine",
        "courses": [
            "Anatomy",
            "Biochemistry",
            "Genetics",
            "Human Behavior."
        ]
    },
    {
        "id": 21,
        "firstName": "Nathaniel",
        "lastName": "Colton",
        "email": "hendrerit@et.co.uk",
        "programme": "Medicine",
        "courses": [
            "Anatomy",
            "Biochemistry",
            "Genetics",
            "Human Behavior."
        ]
    },
    {
        "id": 22,
        "firstName": "Kennan",
        "lastName": "Jacob",
        "email": "vel.vulputate@vitaedolorDonec.ca",
        "programme": "Financial Analysis",
        "courses": [
            "Accounting",
            "Statistics"
        ]
    },
    {
        "id": 23,
        "firstName": "Omar",
        "lastName": "Colt",
        "email": "venenatis.a@Pellentesque.co.uk",
        "programme": "Mechanical Engineering",
        "courses": [
            "Machine Element Design",
            "Engineering Analysis I",
            "Calculus & Linear Algebra I "
        ]
    },
    {
        "id": 24,
        "firstName": "Tanek",
        "lastName": "Scott",
        "email": "Sed.malesuada@porttitoreros.ca",
        "programme": "Criminology",
        "courses": [
            "Criminal Mind",
            "Gender, Crime and Justice ",
            "Philosophy of Law "
        ]
    },
    {
        "id": 25,
        "firstName": "Paki",
        "lastName": "Samson",
        "email": "ornare@Mauriseuturpis.edu",
        "programme": "Law",
        "courses": [
            "Criminal Law",
            "Constitutional Law",
            "Property Law",
            "Contracts"
        ]
    },
    {
        "id": 26,
        "firstName": "James",
        "lastName": "Jonah",
        "email": "Nullam@Cras.net",
        "programme": "Mechanical Engineering",
        "courses": [
            "Machine Element Design",
            "Engineering Analysis I",
            "Calculus & Linear Algebra I "
        ]
    },
    {
        "id": 27,
        "firstName": "Cade",
        "lastName": "Vernon",
        "email": "pharetra.sed@Aliquamvulputateullamcorper.ca",
        "programme": "Mechanical Engineering",
        "courses": [
            "Machine Element Design",
            "Engineering Analysis I",
            "Calculus & Linear Algebra I "
        ]
    },
    {
        "id": 28,
        "firstName": "Quentin",
        "lastName": "Chadwick",
        "email": "sed.turpis.nec@risusQuisque.ca",
        "programme": "Mechanical Engineering",
        "courses": [
            "Machine Element Design",
            "Engineering Analysis I",
            "Calculus & Linear Algebra I "
        ]
    },
    {
        "id": 29,
        "firstName": "Arden",
        "lastName": "Abel",
        "email": "consequat.enim@ultricessit.com",
        "programme": "Law",
        "courses": [
            "Criminal Law",
            "Constitutional Law",
            "Property Law",
            "Contracts"
        ]
    },
    {
        "id": 30,
        "firstName": "Lars",
        "lastName": "Keith",
        "email": "Fusce@Quisquefringillaeuismod.org",
        "programme": "Medicine",
        "courses": [
            "Anatomy",
            "Biochemistry",
            "Genetics",
            "Human Behavior."
        ]
    },
    {
        "id": 31,
        "firstName": "Emmanuel",
        "lastName": "Gavin",
        "email": "ornare.libero@perinceptoshymenaeos.co.uk",
        "programme": "Criminology",
        "courses": [
            "Criminal Mind",
            "Gender, Crime and Justice ",
            "Philosophy of Law "
        ]
    },
    {
        "id": 32,
        "firstName": "Noah",
        "lastName": "Oren",
        "email": "Proin.vel@placerat.org",
        "programme": "Law",
        "courses": [
            "Criminal Law",
            "Constitutional Law",
            "Property Law",
            "Contracts"
        ]
    },
    {
        "id": 33,
        "firstName": "Mason",
        "lastName": "Barry",
        "email": "id@incursus.co.uk",
        "programme": "Law",
        "courses": [
            "Criminal Law",
            "Constitutional Law",
            "Property Law",
            "Contracts"
        ]
    },
    {
        "id": 34,
        "firstName": "Elliott",
        "lastName": "Brady",
        "email": "Vestibulum@adlitora.net",
        "programme": "Law",
        "courses": [
            "Criminal Law",
            "Constitutional Law",
            "Property Law",
            "Contracts"
        ]
    },
    {
        "id": 35,
        "firstName": "Nero",
        "lastName": "Brett",
        "email": "amet.ante@sit.com",
        "programme": "Disaster Management",
        "courses": [
            "Disaster Preparedness"
        ]
    },
    {
        "id": 36,
        "firstName": "Elvis",
        "lastName": "Abraham",
        "email": "neque@interdumfeugiat.net",
        "programme": "Disaster Management",
        "courses": [
            "Disaster Preparedness"
        ]
    },
    {
        "id": 37,
        "firstName": "Kieran",
        "lastName": "Ross",
        "email": "magnis.dis.parturient@laciniaorci.edu",
        "programme": "Disaster Management",
        "courses": [
            "Disaster Preparedness"
        ]
    },
    {
        "id": 38,
        "firstName": "Noah",
        "lastName": "Merrill",
        "email": "et@ipsum.net",
        "programme": "Medicine",
        "courses": [
            "Anatomy",
            "Biochemistry",
            "Genetics",
            "Human Behavior."
        ]
    },
    {
        "id": 39,
        "firstName": "Peter",
        "lastName": "Noble",
        "email": "turpis@sagittisplaceratCras.ca",
        "programme": "Computer Science",
        "courses": [
            "Calculus",
            "Algorithms",
            "Software Development",
            "Ethics"
        ]
    },
    {
        "id": 40,
        "firstName": "Axel",
        "lastName": "Bradley",
        "email": "ridiculus.mus@tempus.net",
        "programme": "Mechanical Engineering",
        "courses": [
            "Machine Element Design",
            "Engineering Analysis I",
            "Calculus & Linear Algebra I "
        ]
    },
    {
        "id": 41,
        "firstName": "Hashim",
        "lastName": "Chancellor",
        "email": "at.pretium@eleifendvitae.net",
        "programme": "Medicine",
        "courses": [
            "Anatomy",
            "Biochemistry",
            "Genetics",
            "Human Behavior."
        ]
    },
    {
        "id": 42,
        "firstName": "Alan",
        "lastName": "Connor",
        "email": "vel.turpis.Aliquam@metus.org",
        "programme": "Mechanical Engineering",
        "courses": [
            "Machine Element Design",
            "Engineering Analysis I",
            "Calculus & Linear Algebra I "
        ]
    },
    {
        "id": 43,
        "firstName": "Abel",
        "lastName": "Rudyard",
        "email": "orci.luctus.et@posuere.com",
        "programme": "Computer Science",
        "courses": [
            "Calculus",
            "Algorithms",
            "Software Development",
            "Ethics"
        ]
    },
    {
        "id": 44,
        "firstName": "Cedric",
        "lastName": "Zeus",
        "email": "Quisque.tincidunt@nullaanteiaculis.co.uk",
        "programme": "Law",
        "courses": [
            "Criminal Law",
            "Constitutional Law",
            "Property Law",
            "Contracts"
        ]
    },
    {
        "id": 45,
        "firstName": "Boris",
        "lastName": "Kato",
        "email": "dictum@tortorInteger.org",
        "programme": "Medicine",
        "courses": [
            "Anatomy",
            "Biochemistry",
            "Genetics",
            "Human Behavior."
        ]
    },
    {
        "id": 46,
        "firstName": "Walter",
        "lastName": "Phelan",
        "email": "diam@nectellusNunc.edu",
        "programme": "Law",
        "courses": [
            "Criminal Law",
            "Constitutional Law",
            "Property Law",
            "Contracts"
        ]
    },
    {
        "id": 47,
        "firstName": "Preston",
        "lastName": "Branden",
        "email": "sagittis.semper@urnaNullam.net",
        "programme": "Criminology",
        "courses": [
            "Criminal Mind",
            "Gender, Crime and Justice ",
            "Philosophy of Law "
        ]
    },
    {
        "id": 48,
        "firstName": "Kane",
        "lastName": "Alec",
        "email": "dignissim.Maecenas.ornare@adui.edu",
        "programme": "Law",
        "courses": [
            "Criminal Law",
            "Constitutional Law",
            "Property Law",
            "Contracts"
        ]
    },
    {
        "id": 49,
        "firstName": "Igor",
        "lastName": "Ezra",
        "email": "cursus.non.egestas@laciniaorci.net",
        "programme": "Criminology",
        "courses": [
            "Criminal Mind",
            "Gender, Crime and Justice ",
            "Philosophy of Law "
        ]
    },
    {
        "id": 50,
        "firstName": "Yoshio",
        "lastName": "Kato",
        "email": "Vivamus.rhoncus@semutcursus.ca",
        "programme": "Disaster Management",
        "courses": [
            "Disaster Preparedness"
        ]
    },
    {
        "id": 51,
        "firstName": "Fletcher",
        "lastName": "Vance",
        "email": "orci.lacus@hendreritDonecporttitor.net",
        "programme": "Computer Science",
        "courses": [
            "Calculus",
            "Algorithms",
            "Software Development",
            "Ethics"
        ]
    },
    {
        "id": 52,
        "firstName": "Burton",
        "lastName": "Merrill",
        "email": "mauris@malesuada.ca",
        "programme": "Law",
        "courses": [
            "Criminal Law",
            "Constitutional Law",
            "Property Law",
            "Contracts"
        ]
    },
    {
        "id": 53,
        "firstName": "Rafael",
        "lastName": "Vladimir",
        "email": "mauris.ipsum.porta@sit.ca",
        "programme": "Law",
        "courses": [
            "Criminal Law",
            "Constitutional Law",
            "Property Law",
            "Contracts"
        ]
    },
    {
        "id": 54,
        "firstName": "Dolan",
        "lastName": "Hyatt",
        "email": "augue.malesuada@Pellentesqueut.net",
        "programme": "Computer Science",
        "courses": [
            "Calculus",
            "Algorithms",
            "Software Development",
            "Ethics"
        ]
    },
    {
        "id": 55,
        "firstName": "Driscoll",
        "lastName": "Russell",
        "email": "Lorem.ipsum.dolor@eu.co.uk",
        "programme": "Computer Science",
        "courses": [
            "Calculus",
            "Algorithms",
            "Software Development",
            "Ethics"
        ]
    },
    {
        "id": 56,
        "firstName": "Boris",
        "lastName": "Dexter",
        "email": "purus@mollis.co.uk",
        "programme": "Law",
        "courses": [
            "Criminal Law",
            "Constitutional Law",
            "Property Law",
            "Contracts"
        ]
    },
    {
        "id": 57,
        "firstName": "Maxwell",
        "lastName": "Tarik",
        "email": "pharetra.Quisque.ac@facilisisSuspendisse.edu",
        "programme": "Criminology",
        "courses": [
            "Criminal Mind",
            "Gender, Crime and Justice ",
            "Philosophy of Law "
        ]
    },
    {
        "id": 58,
        "firstName": "Nero",
[...]
        "lastName": "Keenor",
        "email": "nkeenoru@dedecms.com",
        "programme": "ComputerScience",
        "courses": [
            "Java"
        ]
    },
    {
        "id": 123,
        "firstName": "Corinne",
        "lastName": "Simpkins",
        "email": "csimpkinsn@vimeo.com",
        "programme": "Information Science",
        "courses": [
            "SCALA"
        ]
    },
    {
        "id": 124,
        "firstName": "Davon",
        "lastName": "McCrea",
        "email": "dmccream@php.net",
        "programme": "Information Science",
        "courses": [
            "Java"
        ]
    },
    {
        "id": 125,
        "firstName": "Nikita",
        "lastName": "Northridge",
        "email": "nnorthridgeo@delicious.com",
        "programme": "Information Science",
        "courses": [
            "Java"
        ]
    },
    {
        "id": 126,
        "firstName": "Buck",
        "lastName": "Kelby",
        "email": "bkelbyh@xrea.com",
        "programme": "ComputerScience",
        "courses": [
            "C#"
        ]
    },
    {
        "id": 127,
        "firstName": "Magdalen",
        "lastName": "Keays",
        "email": "mkeaysx@newyorker.com",
        "programme": "ComputerScience",
        "courses": [
            "C#"
        ]
    },
    {
        "id": 128,
        "firstName": "Lorenza",
        "lastName": "Dominiak",
        "email": "ldominiakg@mysql.com",
        "programme": "ComputerScience",
        "courses": [
            "Java"
        ]
    },
    {
        "id": 129,
        "firstName": "Lee",
        "lastName": "Anelay",
        "email": "lanelayl@bbc.co.uk",
        "programme": "Information Science",
        "courses": [
            "SCALA"
        ]
    },
    {
        "id": 130,
        "firstName": "Killian",
        "lastName": "Montgomery",
        "email": "kmontgomeryy@issuu.com",
        "programme": "ComputerScience",
        "courses": [
            "C#"
        ]
    },
    {
        "id": 131,
        "firstName": "Ame",
        "lastName": "MacTrustam",
        "email": "amactrustamz@woothemes.com",
        "programme": "Information Science",
        "courses": [
            "Java"
        ]
    },
    {
        "id": 132,
        "firstName": "Colet",
        "lastName": "Goldsbrough",
        "email": "cgoldsbroughr@mtv.com",
        "programme": "ComputerScience",
        "courses": [
            "C#"
        ]
    },
    {
        "id": 133,
        "firstName": "Maddi",
        "lastName": "Iacovacci",
        "email": "miacovacci10@indiatimes.com",
        "programme": "Information Science",
        "courses": [
            "C#"
        ]
    },
    {
        "id": 134,
        "firstName": "Averil",
        "lastName": "Edney",
        "email": "aedneyj@wufoo.com",
        "programme": "ComputerScience",
        "courses": [
            "Java"
        ]
    },
    {
        "id": 135,
        "firstName": "Luci",
        "lastName": "Mowne",
        "email": "lmowne13@earthlink.net",
        "programme": "ComputerScience",
        "courses": [
            "Java"
        ]
    },
    {
        "id": 136,
        "firstName": "Noel",
        "lastName": "Philipson",
        "email": "nphilipson14@vkontakte.ru",
        "programme": "Information Science",
        "courses": [
            "C#"
        ]
    },
    {
        "id": 137,
        "firstName": "Barney",
        "lastName": "Pigott",
        "email": "bpigottk@nydailynews.com",
        "programme": "Information Science",
        "courses": [
            "Java"
        ]
    },
    {
        "id": 138,
        "firstName": "Kristopher",
        "lastName": "Treanor",
        "email": "ktreanor11@rediff.com",
        "programme": "Information Science",
        "courses": [
            "SCALA"
        ]
    },
    {
        "id": 139,
        "firstName": "Ana",
        "lastName": "Lecointe",
        "email": "alecointe16@hubpages.com",
        "programme": "Information Science",
        "courses": [
            "SCALA"
        ]
    },
    {
        "id": 140,
        "firstName": "Drew",
        "lastName": "Yare",
        "email": "dyarev@hud.gov",
        "programme": "Information Science",
        "courses": [
            "C#"
        ]
    },
    {
        "id": 141,
        "firstName": "Mair",
        "lastName": "Rudgley",
        "email": "mrudgleyw@slashdot.org",
        "programme": "ComputerScience",
        "courses": [
            "Java"
        ]
    },
    {
        "id": 142,
        "firstName": "Goldy",
        "lastName": "Arnao",
        "email": "garnao15@indiegogo.com",
        "programme": "ComputerScience",
        "courses": [
            "C#"
        ]
    },
    {
        "id": 143,
        "firstName": "Dolf",
        "lastName": "Perrelli",
        "email": "dperrelli1c@goo.ne.jp",
        "programme": "Information Science",
        "courses": [
            "Java"
        ]
    },
    {
        "id": 144,
        "firstName": "Nicoli",
        "lastName": "Kornilyev",
        "email": "nkornilyev18@123-reg.co.uk",
        "programme": "ComputerScience",
        "courses": [
            "C#"
        ]
    },
    {
        "id": 145,
        "firstName": "Rogers",
        "lastName": "Egarr",
        "email": "regarr12@ed.gov",
        "programme": "Information Science",
        "courses": [
            "Java"
        ]
    },
    {
        "id": 146,
        "firstName": "Zena",
        "lastName": "Smitten",
        "email": "zsmittenp@nasa.gov",
        "programme": "Information Science",
        "courses": [
            "C#"
        ]
    },
    {
        "id": 147,
        "firstName": "Pattie",
        "lastName": "Sollime",
        "email": "psollime1d@163.com",
        "programme": "Information Science",
        "courses": [
            "C#"
        ]
    },
    {
        "id": 148,
        "firstName": "Jesus",
        "lastName": "Dunthorn",
        "email": "jdunthorn1g@epa.gov",
        "programme": "ComputerScience",
        "courses": [
            "Java"
        ]
    },
    {
        "id": 149,
        "firstName": "Abbe",
        "lastName": "Lamperti",
        "email": "alamperti1f@ucla.edu",
        "programme": "Information Science",
        "courses": [
            "Java"
        ]
    },
    {
        "id": 150,
        "firstName": "Brendin",
        "lastName": "Hedges",
        "email": "bhedges1a@google.it",
        "programme": "ComputerScience",
        "courses": [
            "SCALA"
        ]
    },
    {
        "id": 151,
        "firstName": "Oralee",
        "lastName": "Ambroise",
        "email": "oambroise17@chronoengine.com",
        "programme": "ComputerScience",
        "courses": [
            "SCALA"
        ]
    },
    {
        "id": 152,
        "firstName": "Letta",
        "lastName": "Rosenvasser",
        "email": "lrosenvasser19@addtoany.com",
        "programme": "ComputerScience",
        "courses": [
            "SCALA"
        ]
    },
    {
        "id": 153,
        "firstName": "Franky",
        "lastName": "Willars",
        "email": "fwillars1b@state.gov",
        "programme": "Information Science",
        "courses": [
            "Java"
        ]
    },
    {
        "id": 154,
        "firstName": "Silvano",
        "lastName": "D'Errico",
        "email": "sderrico1k@state.gov",
        "programme": "Information Science",
        "courses": [
            "C#"
        ]
    },
    {
        "id": 155,
        "firstName": "Merilyn",
        "lastName": "Goddard",
        "email": "mgoddard1j@patch.com",
        "programme": "Information Science",
        "courses": [
            "C#"
        ]
    },
    {
        "id": 156,
        "firstName": "Jed",
        "lastName": "Baythrop",
        "email": "jbaythrop1i@geocities.com",
        "programme": "ComputerScience",
        "courses": [
            "C#"
        ]
    },
    {
        "id": 157,
        "firstName": "Elli",
        "lastName": "Dulanty",
        "email": "edulanty1n@ifeng.com",
        "programme": "Information Science",
        "courses": [
            "SCALA"
        ]
    },
    {
        "id": 158,
        "firstName": "Cairistiona",
        "lastName": "Bairnsfather",
        "email": "cbairnsfather1l@howstuffworks.com",
        "programme": "Information Science",
        "courses": [
            "SCALA"
        ]
    },
    {
        "id": 159,
        "firstName": "Brena",
        "lastName": "Obispo",
        "email": "bobispo1e@slashdot.org",
        "programme": "ComputerScience",
        "courses": [
            "C#"
        ]
    },
    {
        "id": 160,
        "firstName": "Terrel",
        "lastName": "Dethloff",
        "email": "tdethloff1q@miibeian.gov.cn",
        "programme": "Information Science",
        "courses": [
            "Java"
        ]
    },
    {
        "id": 161,
        "firstName": "Stevie",
        "lastName": "Consterdine",
        "email": "sconsterdine1o@icio.us",
        "programme": "Information Science",
        "courses": [
            "Java"
        ]
    },
    {
        "id": 162,
        "firstName": "Ashly",
        "lastName": "Skellen",
        "email": "askellen1h@smugmug.com",
        "programme": "Information Science",
        "courses": [
            "C#"
        ]
    },
    {
        "id": 163,
        "firstName": "Simone",
        "lastName": "Pele",
        "email": "spele1r@cloudflare.com",
        "programme": "Information Science",
        "courses": [
            "Java"
        ]
    },
    {
        "id": 164,
        "firstName": "Otes",
        "lastName": "Skews",
        "email": "oskews1m@fda.gov",
        "programme": "Information Science",
        "courses": [
            "Java"
        ]
    },
    {
        "id": 165,
        "firstName": "Alanson",
        "lastName": "Kinzett",
        "email": "akinzett1v@huffingtonpost.com",
        "programme": "ComputerScience",
        "courses": [
            "Java"
        ]
    },
    {
        "id": 166,
        "firstName": "Dwayne",
        "lastName": "Whickman",
        "email": "dwhickman1p@umich.edu",
        "programme": "Information Science",
        "courses": [
            "C#"
        ]
    },
    {
        "id": 167,
        "firstName": "Berkley",
        "lastName": "Critten",
        "email": "bcritten1w@si.edu",
        "programme": "Information Science",
        "courses": [
            "SCALA"
        ]
    },
    {
        "id": 168,
        "firstName": "Gaspar",
        "lastName": "Dupoy",
        "email": "gdupoy1u@hao123.com",
        "programme": "Information Science",
        "courses": [
            "Java"
        ]
    },
    {
        "id": 169,
        "firstName": "Normie",
        "lastName": "Duckels",
        "email": "nduckels1s@shinystat.com",
        "programme": "ComputerScience",
        "courses": [
            "Java"
        ]
    },
    {
        "id": 170,
        "firstName": "Mort",
        "lastName": "Swires",
        "email": "mswires1t@census.gov",
        "programme": "ComputerScience",
        "courses": [
            "Java"
        ]
    },
    {
        "id": 171,
        "firstName": "Jacynth",
        "lastName": "Oglevie",
        "email": "joglevie1y@homestead.com",
        "programme": "ComputerScience",
        "courses": [
            "SCALA"
        ]
    },
    {
        "id": 172,
        "firstName": "Wallas",
        "lastName": "Anfosso",
        "email": "wanfosso21@arstechnica.com",
        "programme": "ComputerScience",
        "courses": [
            "C#"
        ]
    },
    {
        "id": 173,
        "firstName": "Aurelie",
        "lastName": "MacCurlye",
        "email": "amaccurlye24@house.gov",
        "programme": "Information Science",
        "courses": [
            "Java"
        ]
    },
    {
        "id": 174,
        "firstName": "Aguistin",
        "lastName": "Bambrough",
        "email": "abambrough2a@webs.com",
        "programme": "ComputerScience",
        "courses": [
            "C#"
        ]
    },
    {
        "id": 175,
        "firstName": "Valencia",
        "lastName": "Lody",
        "email": "vlody25@apple.com",
        "programme": "Information Science",
        "courses": [
            "C#"
        ]
    },
    {
        "id": 176,
        "firstName": "Anthea",
        "lastName": "Cuerdale",
        "email": "acuerdale2c@yellowbook.com",
        "programme": "Information Science",
        "courses": [
            "C#"
        ]
    },
    {
        "id": 177,
        "firstName": "Alister",
        "lastName": "Duchart",
        "email": "aduchart27@hexun.com",
        "programme": "Information Science",
        "courses": [
            "SCALA"
        ]
    },
    {
        "id": 178,
        "firstName": "Starr",
        "lastName": "Chafer",
        "email": "schafer2b@liveinternet.ru",
        "programme": "ComputerScience",
        "courses": [
            "C#"
        ]
    },
    {
        "id": 179,
        "firstName": "Standford",
        "lastName": "Grigg",
        "email": "sgrigg28@geocities.com",
        "programme": "Information Science",
        "courses": [
            "SCALA"
        ]
    },
    {
        "id": 180,
        "firstName": "Margie",
        "lastName": "Relfe",
        "email": "mrelfe22@angelfire.com",
        "programme": "ComputerScience",
        "courses": [
            "Java"
        ]
    },
    {
        "id": 181,
        "firstName": "Alli",
        "lastName": "Swann",
        "email": "aswann20@twitpic.com",
        "programme": "ComputerScience",
        "courses": [
            "Java"
        ]
    },
    {
        "id": 182,
        "firstName": "Benson",
        "lastName": "Jeandeau",
        "email": "bjeandeau2d@dailymail.co.uk",
        "programme": "Information Science",
        "courses": [
            "Java"
        ]
    },
    {
        "id": 183,
        "firstName": "Jens",
        "lastName": "Barnes",
        "email": "jbarnes1z@netlog.com",
        "programme": "ComputerScience",
        "courses": [
            "Java"
        ]
    },
    {
        "id": 184,
        "firstName": "Allie",
        "lastName": "Kettlestring",
        "email": "akettlestring29@imageshack.us",
        "programme": "Information Science",
        "courses": [
            "Java"
        ]
    },
    {
        "id": 185,
        "firstName": "Rorie",
        "lastName": "Swaden",
        "email": "rswaden26@mit.edu",
        "programme": "ComputerScience",
        "courses": [
            "Java"
        ]
    },
    {
        "id": 186,
        "firstName": "Ty",
        "lastName": "Artis",
        "email": "tartis1x@ehow.com",
        "programme": "ComputerScience",
        "courses": [
            "SCALA"
        ]
    },
    {
        "id": 187,
        "firstName": "Frazier",
        "lastName": "Ferrey",
        "email": "fferrey23@photobucket.com",
        "programme": "ComputerScience",
        "courses": [
            "Java"
        ]
    },
    {
        "id": 188,
        "firstName": "Paul",
        "lastName": "Whymark",
        "email": "pwhymark2e@go.com",
        "programme": "ComputerScience",
        "courses": [
            "Java"
        ]
    },
    {
        "id": 189,
        "firstName": "Willi",
        "lastName": "Rhodus",
        "email": "wrhodus2f@latimes.com",
        "programme": "ComputerScience",
        "courses": [
            "C#"
        ]
    },
    {
        "id": 190,
        "firstName": "Chloette",
        "lastName": "Cristou",
        "email": "ccristou2k@purevolume.com",
        "programme": "ComputerScience",
        "courses": [
            "SCALA"
        ]
    },
    {
        "id": 191,
        "firstName": "Fredi",
        "lastName": "Drewett",
        "email": "fdrewett2q@wufoo.com",
        "programme": "ComputerScience",
        "courses": [
            "C#"
        ]
    },
    {
        "id": 192,
        "firstName": "Jerry",
        "lastName": "Tewkesbury",
        "email": "jtewkesbury2n@addtoany.com",
        "programme": "ComputerScience",
        "courses": [
            "C#"
        ]
    },
    {
        "id": 193,
        "firstName": "Courtnay",
        "lastName": "McVity",
        "email": "cmcvity2p@ustream.tv",
        "programme": "Information Science",
        "courses": [
            "SCALA"
        ]
    },
    {
        "id": 194,
        "firstName": "Meaghan",
        "lastName": "Goldney",
        "email": "mgoldney2m@va.gov",
        "programme": "ComputerScience",
        "courses": [
            "Java"
        ]
    },
    {
        "id": 195,
        "firstName": "Bria",
        "lastName": "Winsor",
        "email": "bwinsor2l@slate.com",
        "programme": "ComputerScience",
        "courses": [
            "Java"
        ]
    },
    {
        "id": 196,
        "firstName": "Lind",
        "lastName": "Inge",
        "email": "linge2j@slashdot.org",
        "programme": "ComputerScience",
        "courses": [
            "SCALA"
        ]
    },
    {
        "id": 197,
        "firstName": "Michail",
        "lastName": "Flaune",
        "email": "mflaune2h@reddit.com",
        "programme": "Information Science",
        "courses": [
            "SCALA"
        ]
    },
    {
        "id": 198,
        "firstName": "Burke",
        "lastName": "Tassell",
        "email": "btassell2r@msn.com",
        "programme": "ComputerScience",
        "courses": [
            "SCALA"
        ]
    },
    {
        "id": 199,
        "firstName": "Ailyn",
        "lastName": "Algeo",
        "email": "aalgeo2i@arstechnica.com",
        "programme": "ComputerScience",
        "courses": [
            "SCALA"
        ]
    },
    {
        "id": 200,
        "firstName": "Shelley",
        "lastName": "Burfoot",
        "email": "sburfoot2o@mashable.com",
        "programme": "ComputerScience",
        "courses": [
            "Java"
        ]
    },
    {
        "id": 201,
        "firstName": "Kyle",
        "lastName": "Pavlov",
        "email": "kpavlov2g@nba.com",
        "programme": "Information Science",
        "courses": [
            "C#"
        ]
    },
    {
        "id": 209,
        "firstName": "SMOKEUSER69988",
        "lastName": "SMOKEUSER34804",
        "email": "10399xyz@gmail.com",
        "programme": "ComputerScience",
        "courses": [
            "JAVA",
            "C++"
        ]
    }
]
]]></system-out>
    <system-err><![CDATA[369876 [main] ERROR net.thucydides.core.steps.ConsoleLoggingListener - 
           __  _____ _____ ____ _____   _____ _    ___ _     _____ ____  
  _       / / |_   _| ____/ ___|_   _| |  ___/ \  |_ _| |   | ____|  _ \ 
 (_)_____| |    | | |  _| \___ \ | |   | |_ / _ \  | || |   |  _| | | | |
  _|_____| |    | | | |___ ___) || |   |  _/ ___ \ | || |___| |___| |_| |
 (_)     | |    |_| |_____|____/ |_|   |_|/_/   \_\___|_____|_____|____/ 
          \_\                                                            

TEST FAILED WITH ERROR: Verify if the student was added to the application
---------------------------------------------------------------------
369877 [main] ERROR net.thucydides.core.steps.ConsoleLoggingListener - 
370771 [main] INFO net.thucydides.core.steps.ConsoleLoggingListener - 
 _____ _____ ____ _____   ____ _____  _    ____ _____ _____ ____  
|_   _| ____/ ___|_   _| / ___|_   _|/ \  |  _ \_   _| ____|  _ \ 
  | | |  _| \___ \ | |   \___ \ | | / _ \ | |_) || | |  _| | | | |
  | | | |___ ___) || |    ___) || |/ ___ \|  _ < | | | |___| |_| |
  |_| |_____|____/ |_|   |____/ |_/_/   \_\_| \_\|_| |_____|____/ 
                                                                  

TEST STARTED: test003
-------------------------------------------------------------------
370771 [main] INFO net.serenitybdd.core.Serenity - TEST NUMBER: 3
]]></system-err>
  </testcase>
  <testcase name="test004" classname="com.studentapp.junit.studentsinfo.StudentsCRUDTest" time="3.485"/>
</testsuite>