<?xml version="1.0" encoding="UTF-8"?>
<testng-results skipped="0" failed="0" ignored="0" total="1" passed="1">
  <reporter-output>
  </reporter-output>
  <suite name="Default suite" duration-ms="18557" started-at="2020-06-08T23:39:23 IST" finished-at="2020-06-08T23:39:42 IST">
    <groups>
    </groups>
    <test name="Default test" duration-ms="18557" started-at="2020-06-08T23:39:23 IST" finished-at="2020-06-08T23:39:42 IST">
      <class name="RestAssuredAutomation.StaticJson">
        <test-method status="PASS" signature="addBook()[pri:0, instance:RestAssuredAutomation.StaticJson@396e2f39]" name="addBook" duration-ms="18463" started-at="2020-06-08T23:39:23 IST" finished-at="2020-06-08T23:39:42 IST">
          <reporter-output>
          </reporter-output>
        </test-method> <!-- addBook -->
      </class> <!-- RestAssuredAutomation.StaticJson -->
    </test> <!-- Default test -->
  </suite> <!-- Default suite -->
</testng-results>
