<?xml version="1.0" encoding="UTF-8"?>
<testng-results skipped="0" failed="0" ignored="0" total="1" passed="1">
  <reporter-output>
  </reporter-output>
  <suite name="Default suite" duration-ms="2786" started-at="2020-08-03T15:07:03 IST" finished-at="2020-08-03T15:07:06 IST">
    <groups>
    </groups>
    <test name="Default test" duration-ms="2786" started-at="2020-08-03T15:07:03 IST" finished-at="2020-08-03T15:07:06 IST">
      <class name="Test.ReadingFromExcelFile">
        <test-method status="PASS" signature="readExcel()[pri:0, instance:Test.ReadingFromExcelFile@71623278]" name="readExcel" duration-ms="2690" started-at="2020-08-03T15:07:03 IST" finished-at="2020-08-03T15:07:06 IST">
          <reporter-output>
          </reporter-output>
        </test-method> <!-- readExcel -->
      </class> <!-- Test.ReadingFromExcelFile -->
    </test> <!-- Default test -->
  </suite> <!-- Default suite -->
</testng-results>
