<?xml version="1.0" encoding="UTF-8"?>
<testng-results skipped="0" failed="0" total="1" passed="1">
  <reporter-output>
  </reporter-output>
  <suite name="Default suite" duration-ms="54" started-at="2020-07-19T03:08:46Z" finished-at="2020-07-19T03:08:46Z">
    <groups>
    </groups>
    <test name="Default test" duration-ms="54" started-at="2020-07-19T03:08:46Z" finished-at="2020-07-19T03:08:46Z">
      <class name="TestFramework.ReadPropertyFile">
        <test-method status="PASS" signature="printval()" name="printval" duration-ms="27" started-at="2020-07-19T03:08:46Z" finished-at="2020-07-19T03:08:46Z">
        </test-method>
      </class>
    </test>
  </suite>
</testng-results>
